26  2735  1637  2147  8991  3879  6272  3839  8486  2023  8511  9508  9583  473  1850  8247  8234  5203  1151  3834  1205  3600  4743  1935  316  447  1887
23  6689  658  3354  8614  9180  6719  1211  2875  7045  9298  1592  3154  5420  5943  528  8469  9582  5638  1085  8572  6782  4844  6170
27  3090  1492  3947  2338  1557  4786  3434  4653  4062  9420  6839  4899  4312  1078  8076  3736  7360  3355  5916  6071  7053  3254  8321  6844  2554  5616  8939
21  1209  5727  3317  4657  7208  1762  9809  2184  5250  9462  8199  7071  8162  4146  3720  2349  4791  8503  2321  8327  4042
22  6466  3005  6192  98  6305  8379  8990  5910  4014  8741  8872  6863  1286  7653  539  3472  6892  9719  4363  1060  7968  722
26  5018  3409  697  4973  1910  8403  6407  6283  377  1584  8134  3443  9351  1870  9403  2389  4218  8734  8776  9107  7421  8418  9005  8238  8636  1961
26  9313  3294  9012  6474  832  4986  8938  9655  8164  2565  6103  2835  8307  1047  2632  5349  8347  2283  9893  6957  269  1086  4570  9637  7537  8087
29  2519  7028  4109  1580  1693  1232  5170  3785  599  536  7142  5180  4770  7505  4663  7605  1025  2267  5706  6497  3363  1675  7485  1336  792  7489  9120  1522  7601
24  4525  6404  8902  5602  1106  7162  7693  8644  1051  1810  255  7757  1796  3756  8252  2102  7890  6075  1526  7544  4061  436  8538  6507
19  5934  190  5214  4666  6133  1480  4924  4087  946  3828  288  8732  7970  558  1374  204  2298  3134  2134
21  88  3236  2118  640  7246  1355  1746  8984  8510  8830  8431  7402  5320  1606  3342  8457  6766  8056  5749  7154  8374
21  2465  3540  9806  2992  9118  1631  1660  6808  5373  1781  1743  2991  1650  3684  2380  3933  5842  5515  9434  4996  2271
29  7957  1784  1564  3915  5495  3482  7169  8686  1589  9667  8799  6880  6609  3052  6204  701  8161  7121  2800  7841  5797  6796  1552  9771  1403  5659  9850  9721  2845
26  519  1512  3068  3191  4585  141  5087  3505  2874  2417  1420  8470  232  970  8068  2560  9425  1124  5468  4182  4488  6976  148  7880  9977  6016
23  4309  2233  5771  6749  2464  1294  6893  5603  4907  4921  10  7091  3902  6442  771  1262  6429  4573  9713  1915  6482  5533  295
18  5970  9935  8224  7172  7232  8037  7642  2415  9624  1071  9444  171  6830  723  7280  6520  4220  1318
26  4839  2166  9845  9613  4913  715  5998  7967  5473  7440  3251  5249  3101  2068  3437  420  4051  903  3937  664  1549  4083  2703  1514  1573  4553
27  5324  7114  4630  9654  4652  7282  3896  8987  7222  1800  7009  8166  4878  3674  6014  8812  2367  2111  9365  9905  7059  3275  7052  3369  6981  4897  8185
23  606  7612  3510  9625  5428  9546  5622  2095  3859  7407  9968  7796  1283  173  9929  5257  5648  1540  9599  8451  1408  3500  1009
23  423  8557  5636  7683  8035  578  2548  8598  8067  2756  6539  2485  7500  1432  4436  2223  4179  9203  3260  8943  4976  6533  1304
24  187  2738  2198  4250  5187  9033  159  5847  2393  4470  2595  686  53  8336  1839  3385  2428  7514  4574  9875  9887  5949  9220  1003
21  6663  9649  2074  3022  4639  1942  352  9379  1897  5340  5313  9335  5639  2331  784  7317  1662  2145  4339  3679  616
20  1066  8458  1959  8219  4659  7425  3203  7048  4802  2959  928  3980  8525  6145  7105  8885  3868  4998  9396  9131
29  5335  8484  9559  4782  5601  9262  9151  121  2246  3463  3182  6366  2159  8841  6734  1941  6337  7738  63  2872  7022  5918  1044  2490  4519  6950  9198  1456  8862
20  8175  7156  6296  8419  3038  2696  1509  1168  7924  6085  1236  8246  1485  3452  3431  3889  7279  8364  251  6994
22  1560  1609  1010  8856  9538  7548  7595  4398  5070  3782  8661  7788  7802  6225  6256  5142  4766  3922  5845  5434  4695  5063
21  4758  817  2657  4410  6402  3181  3624  7712  8017  5004  6785  456  6947  8704  6668  2469  932  7079  3787  3014  3043
21  3817  1605  7648  5892  2178  7457  8316  6683  4330  5694  1525  634  4614  1975  4306  7431  345  410  4054  4273  5273
25  1273  1323  5748  6563  100  2482  3290  3165  5009  4302  275  93  405  3299  2358  1889  1370  7299  2029  5153  6472  5897  7983  5978  3903
25  7499  3197  4421  6316  9751  3205  9288  1166  9607  1029  3241  6105  9456  3374  1017  5270  1648  4737  1076  7826  8866  8369  5077  2238  1722
22  1867  9402  5540  2934  6601  9158  1725  7176  793  9784  8343  8143  9153  5339  6309  3996  8180  8908  2879  5581  7496  6
24  7965  8024  3188  8766  3663  8876  546  2558  6566  3308  2694  9460  7177  5705  1423  3517  3301  416  7878  3995  6788  4267  2773  7115
26  6822  1438  9011  9702  2119  4872  4834  5907  7120  1424  5715  1832  9244  4517  7486  114  3383  7545  931  2120  3302  8092  9067  3780  6266  7375
24  2432  7287  3129  9951  1046  4130  3974  6562  8627  9270  1050  812  7753  621  9059  4923  4304  651  4132  9013  7039  9454  5637  2441
23  7070  3257  7248  3058  9610  4021  1256  3829  4074  8108  8284  5984  9400  3881  5327  1091  960  6489  8608  3644  7673  4490  8870
22  3055  7993  1177  8421  1160  6904  4669  9043  6833  5810  1316  5196  2459  3768  6354  642  228  9294  5003  9196  8396  3724
24  4742  6135  7372  1508  6652  4555  2394  7761  883  3210  5268  4992  9442  1463  6175  9598  8443  207  3303  7204  6448  822  9061  9831
22  6002  7198  2495  4020  3054  8785  6237  9566  1752  9474  8692  5072  3982  2522  9060  9588  7892  8655  7290  3265  3858  8163
22  8292  5387  1970  4024  7171  8780  2769  1123  282  4368  2700  3511  5383  2466  8660  6797  919  6468  8386  3041  6514  3478
25  672  9406  7975  8348  7732  1325  1947  4675  7651  1387  9902  8569  3961  9327  9730  5741  3820  2801  3695  2743  8626  6390  1847  2289  6271
20  7475  3579  4848  1723  607  8695  5844  3211  5486  7062  3832  5852  3917  1919  5828  5246  5075  8790  9747  7713
29  8477  1113  730  7323  6927  853  4327  5792  3157  8186  1688  9136  9988  9774  8855  1740  4036  4674  6938  7306  6295  4178  3243  140  8341  6273  4295  6073  4338
24  5235  3651  1955  3966  4139  9134  5579  6344  2397  6223  6726  5651  1649  6945  7124  2003  904  9715  5691  3280  16  6715  4057  8178
24  6277  8302  5554  7690  6969  8652  5031  1392  6203  6138  3907  6436  9183  201  1853  1375  7997  7589  7821  4610  2594  3652  1699  7766
25  2720  4583  2782  9634  376  8761  2453  3305  7793  7384  3753  1468  7944  8258  1224  1237  3897  4961  1520  8702  6933  7991  9782  2864  343
22  9409  8736  3821  5668  6886  6597  9496  4594  7392  8646  6444  1296  1945  9664  45  5755  3166  2878  9555  7863  6405  9227
25  2920  1406  2566  5240  7438  2702  1561  3924  8004  6774  72  1857  4165  2871  3365  838  4598  7084  860  4760  265  2836  4649  8612  8122
22  4094  5808  150  6352  8236  2852  2292  7501  9333  3222  4323  9697  154  1298  3223  2066  9178  1127  7664  1802  9277  6748
20  3629  3596  720  511  7663  5457  1979  484  8460  9163  2016  450  850  3711  9356  7170  8663  7813  7436  9970
30  677  5213  2539  6842  241  2665  8263  4236  9167  1012  1396  740  9816  8593  7582  2719  6469  5525  2282  4362  8977  5418  9016  5079  4726  7696  7603  469  1966  7783
26  3607  7889  8440  782  5453  2732  177  691  3133  3499  2040  8926  3436  2535  9113  8250  3455  2285  2419  9856  9094  4812  4563  2730  1951  4432
20  9679  4387  3786  6818  4318  1352  2110  7926  4128  7403  4915  1033  1765  5085  1153  4859  7283  3441  3172  6518
26  1097  7020  7631  856  8445  8228  2924  4828  3044  5208  3340  6415  4547  8270  2785  43  9108  9261  5297  3800  8269  7338  2353  8391  4393  2032
24  5497  9347  9543  3114  9037  1311  5014  5967  3231  2375  9029  7353  5019  6376  2010  4222  9053  6010  8467  7540  5130  8429  1472  5631
19  9752  3311  3403  267  6638  2771  3685  4773  8819  5384  2913  5530  7910  1744  2759  6631  6546  6853  5125
18  6670  7398  128  6856  4544  5050  8493  3752  8345  9152  5098  5284  7671  788  8096  3762  898  4725
22  1757  3826  6765  830  8609  3345  9284  5099  8743  2151  2765  1450  5258  2451  7247  2071  5461  6895  2683  9387  7772  9334
25  5440  8262  9078  483  3057  3169  1937  9729  6345  6722  7842  4217  6556  3413  1068  7721  4201  5826  8356  5423  6195  7669  6968  9717  3589
26  9514  739  6450  3783  8937  1169  6121  6386  8551  4843  8649  4093  2039  3568  7137  2552  2365  1457  7667  9973  5641  6817  5431  1148  4332  1547
24  2571  4781  5425  9071  8951  4371  7014  1603  3474  2438  4692  863  9863  9704  5796  344  1894  1858  8355  9266  2914  2253  2819  9354
16  6381  5858  1267  846  4645  867  6793  9843  9848  7250  7031  5762  1795  4516  6521  9915
25  9003  1372  8198  4405  7912  4958  4617  9516  281  2901  561  6083  261  1026  851  1451  5680  5378  1877  2435  7905  9781  9936  7123  9673
27  3549  1773  3541  3566  8188  2011  1476  1271  1748  582  515  4188  8283  3777  8651  3401  8944  2803  8744  6837  4707  3175  7859  8380  1141  1290  1705
19  4601  3640  248  9735  9068  3609  4939  8540  3201  6042  5080  8081  6388  9726  2262  3978  7374  8156  4091
31  7657  8425  8309  6000  6261  8804  1523  2035  2921  5534  6987  2601  9983  543  4136  4359  7385  5568  4187  2895  1498  3956  1103  7526  5609  4676  4434  3727  2908  6118  6087
24  8708  2942  9385  3594  2927  1349  9604  4213  7103  8533  959  4651  5872  5981  2532  3748  2186  9699  8623  5467  7836  4364  1614  3279
23  5860  8158  9030  172  992  2706  9822  7167  7949  2636  3293  9939  8165  9597  2334  6531  2953  3350  7481  6477  2697  9560  4348
30  9847  5491  409  9795  6048  6270  9132  6367  9859  6437  2841  3963  9778  3573  6116  3142  7917  6215  9522  4719  1036  7067  8712  1445  5276  4508  1077  1570  4446  7467
23  2883  3990  1054  665  4372  9273  4415  3584  3075  8916  4851  6816  4237  4712  1611  5255  1174  2182  7261  8142  4257  2492  9281
23  5445  4693  332  596  9497  9481  1257  7794  9141  2621  5583  7007  6846  3919  5754  3001  1703  4670  4534  7705  1452  579  8847
21  9976  3575  2690  3666  2059  7135  5100  6248  3750  7630  9072  8077  687  7258  9885  4474  3003  6979  1312  8106  2691
25  4078  4208  8207  5719  1884  4664  4776  9849  670  9658  4578  3331  6906  4389  8709  9201  3217  785  8818  6535  1938  5362  7281  4909  3723
21  8310  7180  6202  2261  9100  6657  1117  2766  8125  2037  5976  5733  9682  6226  7033  4600  6097  4510  3304  5376  1247
24  6916  3148  9869  8653  7092  5241  2790  1104  7920  4772  283  2947  1622  8170  7128  5319  706  5784  8114  7416  4886  8735  2922  2724
20  4008  6123  5025  656  5135  7010  1458  2760  4840  9571  7189  9755  7571  7675  2038  7736  8752  6287  4811  710
27  9888  7320  4815  3885  572  8665  9928  4105  1364  9299  1921  8833  1266  9821  6286  7995  339  7336  346  3653  5974  8942  3964  667  8043  9589  4158
31  6263  6329  4867  6984  9832  85  4503  7805  5219  8182  5073  678  8475  2634  4565  6030  6219  3412  2471  3087  4999  848  1063  2779  834  5814  7803  9971  9129  3284  5944
17  1305  2641  482  7337  7692  9159  7498  4472  6452  7599  9718  1416  5190  3071  5141  2337  9776
26  6815  2536  3603  3840  986  5238  1302  5105  2229  754  1624  3150  4789  4460  28  7932  5595  5119  3642  6084  1607  3744  1149  1669  7906  1559
29  3307  1860  5205  5477  2741  8353  7513  1820  15  6708  1337  9643  4919  2190  7099  1965  2012  6229  4576  4943  9343  9590  7055  1173  4041  8313  4723  7881  1418
21  303  1630  5887  1873  7253  6081  1799  9644  2923  5904  1035  6545  5546  1258  2574  1366  111  1809  729  1230  4987
27  4071  9463  2780  6425  475  8176  1189  3622  9478  3031  2614  9783  2024  6940  731  4423  220  3344  9904  6899  555  7307  8130  598  7215  7002  4156
21  2316  109  5377  1845  2076  5764  3845  5133  3323  2284  6620  5614  1623  4427  3084  3488  4180  7087  4841  8482  6288
24  1335  7129  8784  9657  7665  175  9741  9000  3356  1310  6308  5728  9218  1990  2493  9096  8465  6144  8322  79  8867  1147  82  7789
20  2917  1013  5535  6903  7840  4607  9570  7150  6905  1461  3221  1551  5000  7930  2306  8853  2529  8657  9486  6644
21  8731  4428  4507  1792  1245  3364  4858  2547  5959  7918  1590  5052  4745  8439  5336  2668  5912  4774  488  3718  8527
20  1138  5743  41  6742  2551  9846  5550  6596  4012  467  1770  3577  4370  2232  2342  4447  9984  602  6959  4069
26  9619  7329  825  823  646  6805  7081  7080  8911  9884  5992  1314  8628  1493  5882  9621  5677  7765  4797  3037  3932  7681  314  1195  5931  7111
32  2061  5948  6003  3740  1487  8996  4314  2808  3316  4290  9480  5552  4521  4452  4234  2688  2980  4334  8305  5938  603  2824  9932  6508  5822  5869  3950  7269  2843  56  2794  4047
19  5086  2079  4665  2967  7209  2979  2556  6868  5247  7368  8969  5747  7942  75  312  9891  258  8278  5720
21  4618  5237  9805  6503  5799  4256  3867  7334  3592  1767  6542  3399  5093  2433  9009  7168  4612  1216  3703  8452  8375
25  7929  9473  3991  5620  6584  6336  7745  244  7715  1930  8491  1656  1842  4912  2793  5921  8927  3151  6254  4169  3100  4542  6032  669  3994
24  5300  726  1218  1111  3338  8998  4282  2909  4533  5016  1964  223  5611  2199  5110  3467  925  3094  6761  1825  6534  9168  4049  7460
25  1315  6849  8346  7277  7847  4400  382  8229  9300  4125  991  1690  50  814  1996  3587  7200  5028  4416  966  5148  4305  9025  3860  6919
26  9707  2538  4502  7934  415  1475  5064  7502  7132  386  2396  7076  855  1373  9825  5330  3183  6992  5740  6401  4896  4861  3327  9876  9811  9638
22  7429  8020  5282  8747  1496  9858  2809  4072  1394  733  4626  4529  6636  5448  4118  3953  532  6099  4231  4286  6585  9906
23  7861  699  8040  4376  5751  5557  5123  819  714  5292  9337  7046  545  6372  2257  9445  6887  3040  4556  1350  9494  4311  6127
19  4059  6658  5541  3565  8854  8742  1182  2220  8339  9479  1814  694  9055  2155  5084  8478  9600  4823  7182
24  5192  9052  4154  5158  5724  8220  7691  8026  8883  67  5704  7860  9930  5506  4917  9756  1577  9443  2716  1495  3422  234  3107  5398
27  5299  5358  5507  6771  102  3958  1511  6737  4584  5329  1946  7288  1953  2398  2789  4681  1446  6791  8365  6760  4983  1398  3971  7026  3522  8424  20
19  6783  4260  3017  1386  1365  9952  2264  2370  2805  9547  6471  6860  604  2615  5831  5922  6045  794  4750
22  7401  7230  3426  9557  6705  5766  5701  1859  193  1541  7164  5734  4258  2965  6385  71  3911  6358  4354  4905  7818  8430
26  4855  9852  8382  1272  6648  775  7576  1179  2893  1591  7507  2231  7646  104  9170  5333  6626  2083  6890  5410  6700  6373  9797  9146  778  2983
29  7463  6199  7637  3680  6182  6089  6587  3228  7366  4266  5026  7672  512  9080  1901  2712  331  7855  7893  2081  2699  6553  3716  1478  7214  763  4554  4606  8331
29  3167  8209  4080  8093  3493  9276  7445  7197  1532  3799  3854  2319  7645  7790  5729  5963  7400  9853  1505  9695  1347  7845  8639  6768  6702  5404  1115  3093  465
28  273  1024  7249  1963  5267  6871  2187  4045  4969  865  880  2341  1501  6897  8813  8197  7405  7969  2097  4386  9413  3803  4287  2747  4795  8888  1939  4803
19  3444  4706  4761  9512  2781  3098  4989  4068  216  8415  5925  217  8201  4448  7780  3504  7530  8948  2926
28  769  4885  1804  1755  5263  6956  514  7984  4496  2737  9247  8903  7939  6854  2279  2351  6525  743  2860  6395  44  3427  7127  6941  3923  2152  1841  2509
26  9305  8055  9874  3972  4990  7933  7503  2612  852  1075  7914  1125  4512  3013  5483  954  4975  2891  4151  7390  6421  8858  3987  9215  4018  4145
21  9563  4546  1221  9524  4854  2406  2648  538  5314  744  2311  4262  3081  9174  5454  4668  7888  8861  8541  1137  3588
25  2247  2714  8351  5756  7448  2884  7564  9789  319  83  9941  8621  7018  6008  8495  5524  2420  1361  4933  3794  9794  1285  1663  828  3857
24  4377  3758  8157  7380  6589  1521  3754  3570  9302  1988  3053  8524  9739  870  2047  3506  4081  6092  5676  452  9642  5342  3791  638
30  6412  4414  8835  1729  5674  7387  4247  52  8502  5210  1741  3893  9224  2414  8729  6528  752  4341  653  3658  2369  5328  7324  4509  2301  5926  1301  1576  1677  9172
24  2135  9452  6255  9743  92  2320  7143  5462  1819  8437  1604  2936  9235  6661  3822  3309  522  9873  7617  7184  8648  8138  6242  2586
25  713  9128  6536  671  6643  4744  3394  6699  4688  6522  7217  2950  7397  309  5980  5286  8985  3934  1517  4391  4780  5435  6973  4185  8740
27  2949  7210  3866  4613  3732  8030  3326  2045  9912  8494  2513  2498  112  9955  9185  1926  5870  6628  7973  4655  6690  9098  8240  6291  6576  2449  5953
25  700  8459  6327  9464  7759  7344  4498  7680  4009  2478  9194  5805  4740  2030  3526  6632  5200  2002  971  7955  6193  9493  7565  8808  2544
22  8703  7471  9890  6340  9410  7746  2867  7488  912  8935  4620  4345  3336  6126  5128  7240  8900  891  5776  9596  329  9517
29  117  6884  502  6764  4007  2613  8737  3099  5451  4019  2713  304  7326  4259  9091  6117  8280  6091  1434  1807  3089  5493  9942  7740  6311  5591  2880  758  7641
17  3442  6110  5017  6101  4089  5782  6306  5537  3072  9548  6397  628  3056  8468  9371  9878  8480
21  6695  2357  9631  8940  8615  8378  1412  4113  2796  6378  9231  8954  3060  2826  4548  9200  2013  3184  7391  327  3812
23  1543  5875  7430  7884  8504  6062  524  6680  7560  547  2943  5175  8498  521  9762  7919  2929  593  3872  623  1234  5604  3562
20  6831  7704  8254  3842  3082  156  7207  2910  9826  3494  2142  6131  2517  2918  3515  5121  1594  1488  796  9304
22  6901  6740  5285  507  1281  9561  5632  4114  4916  1747  4997  7521  4801  6990  8805  2569  8678  1354  3983  3046  5865  1139
29  3156  7512  3830  9871  5228  6066  2515  9611  4892  612  4033  4198  2563  9212  3912  8060  9665  1856  3764  9995  9125  2392  3814  4413  6368  901  2679  7896  3755
19  8518  2123  212  2916  645  6484  4714  9687  6231  6682  4335  5851  7703  2258  33  1726  4308  9461  5174
23  5769  5113  1527  1201  5036  1494  254  509  5301  7341  2051  5640  7106  9395  4102  1717  4015  1571  9502  3322  438  1642  4865
24  9393  3208  9944  2245  5433  4119  7971  7987  5556  4710  7551  9688  7449  5993  6577  6599  7308  123  182  5521  8089  1633  7459  4241
24  7040  6493  4349  4602  8112  2919  4636  5076  1466  7231  936  126  7588  4100  5427  9892  6835  8759  4375  5839  3224  7719  3185  2049
25  3855  1651  6125  2639  2207  9177  9272  4853  3710  9157  2729  243  7354  7032  9786  8852  8388  8497  2968  6074  955  5065  7219  5714  2770
20  1515  627  8588  5069  9981  2527  8500  7754  8289  4698  42  7543  703  8172  337  6049  4275  4230  6955  1652
22  3371  4959  565  6498  3366  4123  6197  1907  8960  8492  2129  333  3844  8399  6841  8349  3456  9271  879  5596  7702  3286
22  1992  9996  6265  4115  3818  6784  8506  3851  2234  9785  9758  6629  7101  6504  9957  8061  2050  5145  14  2491  6595  8019
24  9325  1593  3263  7787  6216  2434  64  1700  3421  1393  3285  736  8601  6829  8115  8889  6704  9312  179  165  1021  7310  9369  5415
23  9675  7553  428  7668  9209  3315  2898  5569  5201  3339  4825  1065  940  8697  1596  2183  3815  3440  5961  2096  8487  2847  4292
29  6198  7116  1313  4141  6512  3122  4397  1348  8871  9362  8650  6262  3747  9506  6738  8896  4155  3059  4342  3153  2168  6194  9217  8423  3914  4315  762  5988  4268
22  7928  2838  4980  1  9199  542  6114  3267  4044  2762  4715  6224  8966  1916  4671  1122  2136  2458  8090  7303  7335  6613
26  6807  6457  7465  2235  7386  709  8617  7829  5700  2938  5305  3714  8750  8532  6928  2162  5010  2855  479  1739  60  8183  1479  5312  9577  1019
16  8640  6558  1276  9511  3232  6188  5021  8481  575  581  6431  9245  3810  8716  6015  8332
25  3869  1984  47  8791  169  8882  9263  9408  5033  30  2402  3948  5122  1714  806  5274  8432  8006  7443  5643  3728  5657  9301  5388  3620
19  4307  902  4863  1685  4709  2680  9160  8516  8986  8264  813  8196  9961  3552  2460  8666  1599  8674  5253
29  3253  9137  6836  6392  7785  403  8782  3874  1924  3547  9225  5548  1291  5419  8887  6001  5496  160  3678  407  6592  8706  2446  9243  1133  2219  4752  5232  9532
26  375  2788  4673  4869  9138  5809  3425  1612  4608  4518  3351  6565  4461  7175  4524  2778  6095  1556  8983  2704  1801  5242  58  7151  2540  3402
23  8329  8376  3462  5511  6078  4441  2192  9838  4711  3  7192  8471  2555  9050  3884  9529  351  7158  3626  1683  2606  4140  136
25  474  8586  4299  9002  6244  2362  2072  4117  2241  7823  5262  8993  5512  5849  4076  6675  5905  3519  7774  4193  4928  8145  8251  6241  8414
28  5868  8848  1223  8085  6814  5374  1309  4564  3761  5041  9421  2960  22  7331  1782  3545  6347  6532  9342  4581  8558  5144  7776  68  1112  9552  3535  4319
29  222  3951  326  266  5584  1181  7679  808  8814  7566  9490  4979  7735  4694  7832  5966  1183  3000  3713  9587  8005  8794  4814  9898  7885  2196  9818  9938  2055
22  1005  3138  435  9345  5422  292  2240  2174  6681  6064  4365  9767  4442  2354  4252  1440  5365  1788  9467  5647  7011  3825
23  3555  8435  2904  1601  6537  7068  9837  6391  6857  5801  4947  7871  3376  3598  1971  1032  3034  8611  4010  1645  2833  6158  5225
20  5693  4511  6711  2825  4017  2128  5941  3135  7615  9237  4982  9748  1711  291  7658  9373  9184  2421  5455  2840
27  5424  2006  8410  5054  6026  7636  1436  9612  2374  4654  5442  2268  1345  6574  9193  9233  9653  6691  1712  1754  9069  9521  2643  1680  6943  1579  8535
26  84  6747  5920  9314  8529  990  9248  5567  1709  6974  4429  5558  534  2739  3538  8972  496  681  1156  38  5613  2251  1619  5652  2286  2848
23  9140  8739  3512  1460  422  9833  508  833  3432  2740  537  4567  9828  3805  9344  3804  2727  4763  2318  8195  8216  3853  3120
26  4894  5990  8448  6454  2033  9062  7301  2164  7894  6104  8755  5565  809  186  8335  4765  2158  9367  5403  6867  1362  7484  5248  9749  8519  1510
20  920  2748  3490  3616  6024  9265  5260  4689  8366  6462  7904  5739  4144  6072  9099  8124  1367  7563  321  3664
22  6706  2026  5757  8772  8298  2810  6067  4211  4456  8547  5582  2340  8822  8357  2484  4116  9777  9145  390  756  3688  7700
21  9799  8021  5516  4028  3721  7134  8869  6677  698  4942  4647  7741  8778  5898  3548  289  9676  5460  6978  6559  464
20  7956  2436  1640  9042  66  3393  9228  7493  4642  6059  1914  7635  1533  6687  6230  548  3957  3687  8701  144
19  2559  2899  6245  633  5298  3691  4832  2935  3392  4950  7388  2672  9903  7518  4174  3715  9714  8463  7161
21  5717  2512  7666  7434  3993  2954  6161  5134  7626  5502  9594  2728  8052  3900  5745  2503  9567  1095  6246  6364  3619
18  2695  4537  9830  506  9202  9232  6910  8976  356  7556  6812  1615  2255  3179  3492  1473  9214  3204
23  961  864  9286  2982  6580  9948  969  9911  9322  3137  3808  414  5326  27  1775  7023  3131  5634  7946  5731  770  811  9117
21  372  5359  7255  3319  5642  1565  74  1790  9229  4487  3447  9331  8763  1535  905  7050  9338  2550  6993  566  1646
19  7952  3196  8338  1949  2291  3901  516  350  2844  6679  4560  1163  4175  2454  5325  317  2185  818  8210
22  24  6877  2973  8989  8367  1613  8585  6218  1470  9368  4038  614  6714  3397  5106  3590  6949  6259  4412  4735  392  7036
19  4090  6735  6420  9450  1079  595  4944  5394  5658  9780  5763  4898  3187  2692  2629  7814  1898  4296  3386
17  9084  8699  9045  3398  1474  2330  4981  9006  6495  129  8048  1119  3206  4380  8411  7228  3887
26  2869  5818  168  4938  3636  6280  5713  7274  8288  8904  5143  2861  4852  7619  3525  4771  2616  1268  1080  5450  3698  2886  1120  690  8980  5697
19  8962  1090  7446  7882  6476  4046  5708  2332  6578  1342  9318  7536  7771  7218  1617  6250  443  5854  8171
23  2356  5034  5090  1491  559  4819  929  8225  4718  5389  7286  6020  1171  8528  7695  5115  765  9841  8999  197  3529  9765  2659
17  4637  842  1200  2570  657  4965  7490  6622  6387  2405  2858  2849  6065  3702  2423  2609  6997
26  4150  2791  7574  7698  2217  7118  2260  3798  4293  8444  953  5411  4219  4906  1854  8584  2894  3497  8859  764  2746  6435  5499  4531  2839  5504
25  6115  6752  9144  3116  7477  2377  7532  8103  8446  6642  3967  695  1275  293  7098  2215  3332  9591  5412  7981  9580  2689  5224  5536  7410
19  3988  8104  6473  9164  2105  1453  189  987  5768  4002  5786  5475  2461  9471  6109  1007  5316  6384  3313
27  5885  4437  7086  7442  1733  643  6999  6641  3328  2580  1516  3495  8381  972  5605  8002  4889  358  1661  885  8053  6107  7073  8320  5494  3690  5629
25  4379  5572  4875  9620  4595  6422  8560  8610  8746  6389  338  4075  4067  1340  4025  6282  5936  7244  9088  3219  9391  31  6569  906  3631
22  7399  7104  3073  164  751  9242  2652  7907  7078  2125  6513  1371  1011  9616  2763  7367  4431  9568  1043  3390  1758  2755
20  541  9685  8434  2900  2355  9963  2156  3271  9321  7298  3686  9275  4932  5807  6894  7213  1481  4759  7356  1020
23  7561  9246  5829  5351  2654  6832  6041  8063  37  7510  3700  4501  1632  9323  2666  5066  8132  1059  7136  3871  5545  5819  2818
26  4143  400  8915  2333  529  7808  9388  9701  1679  1317  889  8025  214  8360  9946  4478  6666  2416  8409  1028  9759  7938  6148  7112  980  5020
27  568  945  533  5303  161  1443  9440  5879  463  5289  7866  5042  4489  510  7292  4289  4176  5987  4216  9745  9051  6153  3671  4731  2456  5458  3880
25  4494  1734  4720  3036  4643  7941  7903  3372  501  5523  1822  3416  3235  786  3283  7725  6720  4640  7491  8456  4392  9010  4157  3347  2897
20  6228  4648  9633  5156  6480  6491  4163  8160  2722  3625  5625  1989  6055  9788  6371  3407  427  6070  2698  4592
21  622  5393  7102  849  9923  5576  2107  7381  3174  527  2205  1042  6996  985  589  3297  7359  4700  5753  9700  2664
22  1833  9974  9815  2686  942  9972  9458  6882  7508  2052  6201  4988  6617  8387  9865  717  1162  1659  1940  302  5474  8556
27  6961  7451  9628  4137  2776  4384  7275  5188  9998  1499  4993  260  6948  7897  2371  8041  6878  1574  7199  7827  7694  9808  4269  13  7649  8884  4929
25  29  9544  6360  8681  3194  9381  1872  9823  9734  2526  4235  6975  6977  3935  7012  6303  7625  3348  2588  6341  49  7051  5202  4904  9829
23  1664  6924  975  2635  3778  4195  6416  4539  2631  5862  6707  6790  2587  4738  3769  6623  4956  5683  7869  8152  3264  9918  8147
29  55  5744  9487  4957  6809  3418  4227  6268  9319  8218  6712  238  2062  3484  682  4631  7201  827  7254  5795  7775  4627  4545  4261  1731  9446  6434  6492  6453
24  9523  7846  839  1863  4764  2368  3155  1716  777  9908  3595  8656  7978  9801  8668  132  6233  3226  5338  5096  3533  1287  9311  7937
28  9216  8323  718  7193  7682  8860  8266  8857  6888  8775  909  2017  4804  3195  5522  2708  3144  5277  1704  270  4462  5927  6673  4530  8082  86  5508  5538
24  9283  3384  9926  7710  225  7643  7873  9980  9694  8807  689  7807  3979  5068  4925  2403  1950  917  5231  6355  755  8893  6481  5108
19  4842  3160  6547  4615  5008  1539  7149  6184  8344  17  1836  4439  7992  2005  6217  7163  6093  6931  9677
28  2576  8566  1904  3220  4171  8324  3247  118  7592  8416  3846  7547  9278  7782  1618  6869  9204  6568  9415  8255  2249  8515  6606  8589  2170  5760  962  6439
24  4346  5112  2399  3615  9617  6013  4871  7843  4856  1967  7021  433  9533  7958  7591  5346  9040  3423  5960  3734  4540  70  2090  4374
20  1888  2426  2783  2442  3477  3669  2315  9513  1383  8299  8390  525  9518  1400  1108  2067  9147  6845  7146  181
22  734  2106  5120  1102  1738  821  4895  8638  6848  2561  3159  3553  3296  3806  2387  5223  158  8875  6725  7951  4911  8582
23  3149  315  1518  5012  5287  4798  8542  6674  2383  7587  5911  453  2611  2834  748  6037  3726  5528  8846  9404  712  8959  1088
19  4214  8449  4686  5779  881  8038  9330  6234  4388  964  2524  8914  9310  2646  6792  9986  9507  8490  7093
28  157  1635  6942  3026  9537  3102  1110  8214  8928  8550  490  9114  3123  6858  3078  3813  80  5832  3132  4783  8405  3899  8144  5459  791  3931  5294  3528
25  2986  7357  7580  6141  5830  2314  8953  6898  4893  9671  5986  3567  8317  2447  3639  2816  4837  6549  750  2637  1665  8797  2277  1962  3458
22  297  4223  7876  3906  8191  6698  5861  2972  8562  2034  9376  8359  8362  198  6554  3998  8658  3143  3681  2157  2300  4846
27  1978  7082  284  5627  9761  7558  8505  2179  4566  7148  5385  3473  6061  8442  5271  4754  478  6370  6671  1895  747  3015  5348  5661  8654  1293  1569
21  3103  2928  3066  1797  3802  3439  9817  5163  4768  6187  9630  8779  7419  6124  5612  413  1334  8275  6958  1341  8718
25  5341  5654  4153  7686  9429  5994  716  5256  4821  6290  6820  5167  125  9181  6802  7333  1766  7495  2188  9606  2564  4813  1641  8552  1343
22  2912  3170  1908  7579  9710  120  2121  7654  2933  5529  8129  4874  9674  2378  3888  8202  5594  5965  5197  5883  8641  2530
19  3281  5510  655  8682  1324  8485  4147  7194  2546  8513  5479  6736  9076  652  1991  108  1377  2408  9766
25  5716  9768  6409  5234  8259  560  4328  2043  76  5092  7570  6655  6130  116  8013  335  7925  9081  6040  3192  8635  5095  341  2656  7472
20  957  3029  7236  984  2480  4449  4426  2504  1307  8931  9510  4762  5761  3125  6419  9058  5345  3080  7069  5665
28  6724  9851  1260  9576  4331  3675  6746  1791  3295  4248  9085  4809  1235  1567  4276  7327  941  4514  5118  9066  8408  8723  1848  2098  7413  797  6465  2276
25  445  5487  3833  1902  7633  3146  1960  5039  9139  279  663  3763  4597  8015  3878  359  7728  6759  5671  4864  6440  7744  9775  2411  7825
23  2020  328  5699  32  7203  3062  8014  1188  9219  8140  2437  5233  8107  7095  9565  2091  2792  804  2094  7577  8371  8078  6342
30  8395  3104  9105  7382  660  5409  1583  3373  2054  8620  399  6047  8961  7351  5722  5687  1621  2303  2579  9551  7144  7159  8499  7300  2310  7950  1581  1972  840  8710
28  2008  166  1655  8079  6196  708  7769  8801  3597  8268  4440  1031  3212  1145  2644  6859  4210  6660  5  2795  7074  3745  1419  3128  4611  5047  9834  3032
20  8406  1689  9640  4658  1587  252  6426  890  6036  6678  9355  3359  7966  7345  9663  631  8934  8080  9635  9796
25  5598  5060  199  7174  3949  3770  7466  9073  6120  235  8693  7352  1974  815  7238  226  1742  5800  6236  8924  8095  4149  3863  6819  3737
26  3471  6851  1830  2731  9375  1846  9027  2906  8033  402  1840  5154  274  1818  6923  2093  5877  3668  8634  9615  73  4134  8647  2457  5476  6260
19  7141  1852  7602  6575  6009  5400  3621  6106  4358  2850  6325  8294  6464  6557  620  7295  3898  9650  247
21  8840  9191  6718  7190  5690  649  6333  5670  9779  732  3613  5738  5930  3209  5015  4401  810  6991  6461  7393  8350
26  585  8629  4246  3420  7364  2386  9812  1220  8662  2479  6292  8590  7819  6137  3738  2350  6315  5772  1157  5788  7348  5644  349  2326  1306  1006
26  268  5856  8536  2577  8671  1109  5310  8407  1568  7647  866  9142  2431  8512  2873  1925  673  466  2194  1128  2521  2259  5817  6294  910  7986
25  4495  8073  4807  1634  1686  8909  9264  9106  4690  7077  9213  2443  322  9572  4579  9093  2201  5588  1694  1219  421  8168  9259  3218  3289
23  1353  5746  9586  5917  4485  5279  711  7830  4085  4263  692  2851  9363  824  4166  5542  2001  1928  6731  8836  2806  5592  6221
25  5406  271  4207  381  4862  886  5514  2630  1756  8074  6733  4382  8873  803  6572  5261  571  8756  2014  307  2252  9210  7996  7586  1378
24  8342  2784  498  4656  348  2753  3909  163  2804  8007  6488  2506  6122  7497  3136  3927  7979  6688  2902  2993  9  4522  2019  224
18  7640  9595  2605  8796  1215  81  3905  5864  6581  1666  1816  5997  2080  2946  8717  8363  9753  976
27  1528  2963  419  3453  8273  444  847  9584  3079  9879  9554  9727  1072  875  5789  2988  4816  7670  426  7473  5013  2562  9036  9439  4172  2608  2597
19  583  3459  4225  3583  9127  3451  8981  4433  586  7610  9162  4152  8757  5873  6278  1849  259  8249  5334
20  2941  3329  9696  6356  6399  7778  1431  3776  4746  9269  6509  4945  8065  6936  4589  4995  5239  8226  9558  557
24  8204  9691  7243  1977  5124  6593  9089  6883  1876  8933  3406  3391  1502  8971  4238  8358  7639  5354  2823  5209  107  6365  1823  9916
26  3025  9087  3200  4396  531  2797  7187  1330  5725  4515  3977  8177  4890  1918  556  7921  9883  5946  4922  2726  2604  6693  2113  5361  9736  3643
22  1735  1100  3632  9179  8642  1745  5899  7370  6921  4055  6038  7016  3395  7674  3662  1413  4926  1893  7297  7524  4951  5173
20  5304  2520  6338  8059  4403  9731  8413  3496  3077  7791  1534  684  9295  3158  9253  1390  9922  6349  3848  7252
20  741  8426  3105  1430  1346  286  285  5804  3139  6102  6560  2820  7332  4253  1172  8066  440  188  679  4320
23  5381  8713  2881  4291  3435  629  2270  6915  6775  639  6171  3016  6776  6697  9866  7272  2124  3109  9895  101  7057  4790  8874
23  9979  1625  1240  6739  7901  9195  294  7915  4634  1981  1771  4964  3009  4173  213  4936  8117  1764  5989  6046  8384  2961  8319
27  8559  9306  3083  3542  552  8101  949  3466  3757  5278  3470  4805  7260  3010  6813  8233  6328  7470  8315  8011  5447  705  8507  7183  7424  6789  3097
25  3743  7319  318  5628  5405  8664  5635  6312  4407  3233  2995  5696  868  1687  9285  5774  5775  7257  5283  9309  9690  9960  4641  757  2627
24  9581  3067  3411  4297  4749  7315  4491  8051  4394  3606  2390  434  3913  3152  4850  9899  336  2363  1793  6394  5469  9585  2172  5723
19  8520  8774  1986  3537  7856  4300  6331  8864  9038  9541  8304  9293  609  7233  4142  4492  2583  7742  4120
21  3457  5500  9382  1684  5344  3735  272  8974  8616  8539  9894  983  3659  2974  3320  1426  9223  702  2814  7131  7404
27  8728  5698  5777  1627  617  5853  9234  6297  7624  5005  5259  7538  9978  2004  124  7838  3382  340  2146  8514  9854  1812  1585  662  1826  6603  3021
23  4687  2915  135  7685  2473  1644  5452  8244  5664  7100  1932  470  4026  2832  3801  1270  9455  7181  5544  9656  9123  805  2225
27  3564  4170  3717  7883  7479  993  4270  7764  897  4167  8428  6165  7743  8863  676  9725  7752  2542  2101  6852  1708  5791  2815  5964  5446  1931  4622
23  580  3849  9297  152  6380  4696  4879  6932  4787  4221  9407  1905  4032  7461  3074  647  4480  3063  1184  6614  4820  5265  7795
23  6649  3424  439  4245  6989  7837  4206  1096  320  5587  3968  3682  787  8461  574  1760  4599  6872  8205  3945  5874  7824  8618
25  61  7677  7000  6615  896  3524  4244  6181  4625  9880  1572  968  7447  7923  5165  8912  8733  9414  6028  6701  8923  4203  5855  8001  3985
18  4788  8277  4920  9018  2653  7309  4937  6696  9358  5102  4730  2545  8248  9437  1554  8762  8726  5571
23  5161  8979  8803  9492  9678  9836  1048  2065  4561  5353  7394  7094  2721  3630  2499  1107  5321  8625  7833  5895  5896  7731  8700
24  6456  8715  69  9190  5375  7629  5323  3673  8097  6375  2139  7999  1094  5035  3485  6050  1099  6383  3189  7539  5322  6147  8044  1300
17  8179  3891  3875  9064  3190  826  6460  5062  3534  3536  8297  9924  8561  6616  7784  7758  3259
23  6952  2422  3816  2250  7245  4792  4699  3469  7806  6743  2400  257  134  6363  7003  3198  6935  9953  911  3792  6664  759  5859
22  7877  4455  7867  2470  6971  6098  6751  2882  9706  9867  9175  4732  3582  4650  2701  4110  8633  2070  6986  6348  3559  5370
22  7799  2742  4830  2585  91  9133  1912  5610  9800  2137  4443  2364  5367  7720  7590  9535  5752  1759  1303  4901  8265  5606
23  489  2293  3544  3414  9737  8018  1504  6769  6625  8549  4621  6490  1828  1321  2202  4721  4313  9931  8295  9668  948  5046  9380
23  9207  3572  3050  3325  4355  6582  1715  3999  9917  6298  363  5607  4727  3771  8479  4199  8919  1952  927  3641  4778  2964  7058
26  8420  4200  6922  5539  4880  2602  1299  9208  8918  3593  1402  1034  5183  4097  7608  4336  8392  4254  721  981  3020  5429  8879  6052  9545  5501
20  8675  7428  7557  1175  2831  6172  6907  2082  5794  2344  8565  7322  3091  1241  1575  4633  2474  1052  7001  8154
27  6424  7585  4482  4409  7019  8645  8603  9328  4667  8334  8725  6486  4454  4739  3920  1187  8905  7623  4294  4458  9260  3627  5599  3378  7985  5318  3969
22  6160  892  4285  6438  3468  1259  8099  9994  4582  3011  6773  2876  4900  6524  9603  7241  9692  8849  1064  8083  5790  4186
25  1866  1674  6029  7152  1862  1455  7573  7726  4550  4777  9083  1920  4619  8003  1409  2149  2889  1608  8964  5836  3140  4785  4451  5408  8054
25  3692  1251  4826  8768  1886  2640  4552  485  8401  5386  4096  7650  6205  6318  9448  9855  2317  7511  6889  7509  7722  7166  1958  9937  3380
23  1993  5710  1994  4029  3215  1721  2958  8072  3610  3847  517  7195  4082  1578  1249  6427  36  6011  9154  3180  3781  8898  4955
27  3239  2523  5955  5783  6967  5116  9031  8193  7004  9026  4970  1727  841  6758  9969  9605  8496  4381  9126  8781  4504  1600  2671  12  1865  3892  9573
22  9901  6068  4064  6446  6313  9539  9077  5101  65  3925  5364  242  8689  139  9431  5109  167  1878  5580  8282  3984  8921
21  7911  8447  9485  3047  7535  6659  8312  4722  7262  3027  9886  3178  6709  6214  7523  8834  944  3417  749  1439  8131
28  9411  1530  1326  4940  7988  1896  2568  7542  9934  4562  4591  6604  1136  1165  8844  632  7060  8754  3831  6022  6183  8223  3460  2307  4162  7751  590  8957
27  4882  2143  2518  5678  4541  2360  5356  5608  779  5999  2633  5308  7734  7583  1053  5195  4053  520  551  2328  2347  8751  6411  9336  5485  2227  9329
24  5902  6786  601  2041  7916  3227  8237  9361  2859  8958  6590  3360  162  3725  1829  6232  8837  4702  6598  371  5413  8897  5449  8543
24  7229  1489  1843  5107  767  6163  1391  1069  5372  9987  6728  7781  1682  7982  7656  5633  4755  9332  324  2830  3797  3113  398  8301
27  4066  4084  3108  2352  8167  1101  6757  6885  2829  7763  5023  9709  859  5220  195  4039  6299  2655  1405  2811  1987  4967  7953  8580  8372  4350  2273
29  6965  3024  615  2651  9645  3465  544  2622  7594  1911  7462  5061  4459  914  7797  471  2222  4425  192  1244  1404  7452  5399  5942  1497  5150  3400  7714  6467
27  610  6155  8816  6523  4593  9900  659  9370  6800  4086  3672  2452  8748  4190  7708  2996  6478  5181  7480  9791  6929  3766  7676  176  2786  4040  9430
22  7318  3976  1233  2754  4713  4497  8257  9238  8150  3877  103  3256  1486  8016  5505  3864  8046  6621  4189  3741  5900  6185
20  2429  9412  933  6703  5815  40  2025  1861  4204  6874  9686  7396  287  7242  1280  7369  6007  831  5876  6479
19  6633  2335  95  127  6962  1875  194  5139  4168  8680  5416  8936  1936  1379  8222  4977  6635  9004  4103
20  2278  7117  4228  3270  5660  4971  7872  9015  592  3489  3650  1673  1329  2022  7157  1185  4753  3742  4277  7173
25  2774  3176  8521  8128  2304  8970  3843  6179  1264  6866  6146  6778  5396  4360  6180  8531  1243  2750  7450  6136  6496  7964  9711  2243  4243
28  9020  9495  2440  8042  1239  7456  5526  5770  9192  3039  6772  4251  1566  8920  8583  6079  7961  5363  8474  7358  3882  3486  1482  296  6088  431  4281  4891
21  9291  5466  1997  2000  3117  459  5001  1934  4340  8745  2204  619  738  1155  4148  2379  9540  3310  6470  4127  5543
23  9626  6304  3475  5503  1369  8300  979  1428  8545  958  5520  8526  888  3096  8455  1484  99  5617  5269  360  7289  4133  4538
22  9187  6004  7572  2663  5366  3981  4784  7900  5176  4212  9661  7328  7616  3908  3006  5206  8230  2533  8891  9909  5666  6063
20  8509  9401  2216  5662  871  9424  1831  2931  6602  8997  1827  2462  2549  8206  7850  1213  5443  3543  8057  6494
21  4586  6239  448  378  6639  6374  967  4209  8126  9542  4978  7520  5217  9989  8537  5275  3240  5773  4769  1295  2163
28  2327  513  8285  8034  8555  9964  5995  3997  1203  2228  8136  7935  6423  7024  5309  6823  6754  500  5456  6162  3730  9399  5781  4288  4161  844  2287  7733
27  4098  661  989  982  7191  7697  1193  6864  8105  3377  2325  4369  2892  8829  8241  5945  3019  573  526  4860  8684  9432  8724  540  7409  8770  3883
29  6694  6168  4107  4587  9475  1864  8296  9226  3561  133  2945  6939  9292  3045  5956  2903  9422  8522  8600  5703  1437  8100  3002  9296  6685  4927  3335  8123  2169
26  219  5517  802  4101  6896  4477  5465  9790  6240  5767  5484  2294  253  4684  4505  5823  5438  373  6100  1881  8036  2976  3819  6051  9827  1948
24  1815  2711  6128  9116  5913  2969  3790  5040  5094  5083  1277  9651  1885  7820  9386  1056  9500  4131  7559  2970  3637  3836  2677  3618
21  3008  3430  3051  9842  97  4159  2281  5519  5532  7552  1786  8221  9211  5765  9041  3268  4283  4908  9609  6257  626
24  5222  7224  780  8575  5088  2388  4031  9623  8148  4343  5155  6983  2749  2911  451  1657  6166  3941  4466  6828  6285  2767  5230  5244
23  8271  6159  5732  8155  8118  6716  7569  7422  2272  8624  1041  4232  8438  34  2018  54  7487  5048  3095  8  2073  8098  4662
24  9670  2230  3602  9477  4605  6094  1045  7414  3070  6824  7237  4549  877  7875  9488  1214  7747  915  411  9280  6717  8622  6210  8217
23  6361  9503  8995  1081  5564  9882  8109  2104  2078  1720  2684  1806  1851  8318  7378  564  6487  7954  7268  5623  6881  2410  1150
22  8564  1697  2425  9819  7096  3952  9438  6301  8212  5470  2148  9350  4395  8828  1238  5618  1225  4728  7350  1327  9770  7049
26  113  4635  2537  3807  7342  462  4677  1639  7627  357  239  4464  6763  1469  9958  9017  7868  3670  7027  4095  3464  4484  5894  5159  3480  3617
22  3168  9274  7870  7494  6346  9156  342  6963  4486  2837  7718  6264  9966  1401  5488  3890  5935  1903  7395  4729  6676  2208
22  2313  8892  8464  2787  8973  178  2407  3007  8963  4073  1668  9239  5793  2584  3018  5820  5178  8825  4697  1093  4160  1212
23  1724  2975  5626  2999  7041  6946  1282  2141  624  1753  6552  8010  9435  1092  2092  4596  2798  5162  6096  4445  2610  5939  1038
25  5402  6741  4088  7628  7276  4756  8851  7614  2  2599  5032  6612  9870  3353  6637  5585  5736  4271  7225  51  3683  2888  5811  8211  4177
22  6900  6053  6012  1222  907  3648  7415  3450  2089  9022  90  3300  1999  305  2496  8839  5056  5531  5138  7568  1359  2117
21  2507  8548  6220  6526  921  397  5481  8767  8749  4135  2662  5490  2381  4572  8619  5932  8683  2193  6212  1701  4124
26  5343  6455  9705  2077  9392  425  2248  6235  151  4590  8127  6483  3387  3943  5574  2195  8012  6586  2725  480  308  8602  9793  5798  8453  5841
18  3667  3601  935  1263  5962  9992  4406  3269  5140  183  4004  5463  9501  8389  7044  1074  9993  5821
20  554  8978  5816  4953  1331  9962  3429  2907  6806  8764  4747  9943  6755  1780  8570  367  7854  2940  8690  8069
24  7088  9666  8823  9182  6251  8062  1710  8159  6571  6779  7090  6176  4876  2619  2575  5940  5185  6417  8398  131  4126  3665  5547  9536
26  8587  874  4404  5043  674  7604  7724  130  6140  680  8591  6540  5681  9111  5906  4513  2028  3706  570  7980  2962  6300  6019  2312  6350  1558
28  6418  6875  5686  9712  6618  2395  2842  3765  3127  6713  4264  2153  8049  1976  6027  2336  6787  7607  4229  3033  4444  299  7412  3349  1544  790  2203  142
21  9698  3461  1186  5866  3746  4884  3173  7205  3213  5908  4322  6588  9959  8643  1126  2853  650  2877  1586  9097  1410
24  8698  3865  7874  2181  3784  7555  9268  5380  7363  4430  8281  9389  4817  4192  3357  5843  1161  246  2114  9390  5735  2210  6080  9326
21  6780  7768  6069  6966  2173  5074  9810  4106  7879  3973  3242  6314  4333  5392  7634  9772  5867  4691  5653  2862  1134
21  6767  4112  2305  9738  3124  6279  4249  8721  9919  7454  9447  5136  6564  1691  4298  9689  1698  7035  3042  2322  1929
19  6044  8203  6475  7492  3970  115  6850  9574  3959  4881  9092  2494  8845  4023  3023  6408  8913  1718  5586
21  4056  3773  6430  3940  3623  4638  9441  3216  4985  7798  2682  2027  5078  3118  4757  6501  1278  2623  4883  59  7441
25  2531  4233  5712  5650  8412  8809  3454  1834  836  5421  3446  7072  94  4946  2226  7185  9115  4609  1808  8352  8488  8311  6258  6721  2813
25  3410  7792  951  3502  46  9357  2948  6134  3501  2116  9250  5575  8810  6320  6646  1462  8577  5673  1507  1279  2628  9608  1454  1082  6870
23  5881  5189  956  895  4063  1595  5221  5901  2021  78  8842  8676  6530  6227  8466  9206  8685  5251  4399  9792  5923  5390  2508
21  1879  4575  8133  4493  3759  8800  7931  6253  3282  5958  4660  1538  7706  6506  2475  1333  6209  3676  9317  2618  3346
25  8086  5049  5957  6538  704  4356  934  6909  9881  6451  4060  8009  7886  7330  7652  6351  9618  9662  4215  630  4551  4226  8581  5280  9476
16  8189  8370  4703  5593  5426  4532  2439  8705  7125  1322  3330  7291  446  9648  9764  939
27  2828  965  8554  9872  4366  2290  2989  4734  9230  2109  8673  3237  2274  6561  878  1089  2705  5030  9339  7959  5806  5368  9169  7834  7311  1254  7223
21  1794  6164  6413  1667  2385  876  1944  724  1513  9348  9683  7371  727  3563  9279  4931  7437  7801  6151  170  8377
21  7849  4935  9575  3112  9564  930  4278  9844  355  3550  6970  4316  2768  3960  7584  6555  3337  1380  1636  5563  3975
21  394  6206  9104  208  772  1620  8945  2557  9534  1435  3352  1164  5132  2514  4991  8949  221  1014  5973  424  2658
24  6269  4194  3375  8795  494  5824  1176  3556  8383  800  1882  1750  7504  5111  1397  468  1070  7054  8501  7606  7748  1602  994  8022
24  6843  2957  5663  8831  3775  8272  2122  2670  6281  4632  3379  7160  9531  5947  2932  87  8714  8267  7423  8696  2598  4741  8517  8850
21  5027  9267  3199  611  7411  3904  9054  7857  412  8031  9148  9933  3523  6276  4527  2131  5127  9861  8385  7899  9472
26  7709  9556  6186  330  2745  7216  2108  7271  7145  8901  6605  8291  278  5561  7598  6847  7420  8604  5177  6723  5834  7349  3287  6035  4962  6111
21  7188  2511  3605  9681  5837  1415  9950  9303  1255  2345  8576  1933  8946  7578  9398  7844  5812  1983  3656  7527  5672
19  1332  4184  2056  6570  9070  4353  4824  3292  5597  6006  3926  7264  9063  4367  3837  7343  6112  1805  3569
19  4475  1030  8146  6173  5695  6630  1787  5559  6908  1519  1289  9708  5492  4678  9465  2764  2592  6840  8789
19  7064  1588  5352  4930  6902  5619  9433  4473  4092  9967  2269  8417  9032  6624  1542  8707  4303  7138  1923
21  8213  4164  9353  761  8523  6082  458  5709  1368  9103  256  5166  9416  4122  9802  8287  5266  4972  1490  5551  9940
24  8787  5890  9947  8187  1553  106  8023  7296  6982  8169  9112  6033  1707  1890  7858  9468  5236  1144  5667  491  4918  8091  4506  3850
19  3697  8274  7085  7034  7256  7762  9896  5302  1464  9397  5168  4438  2510  191  2734  2161  8260  2329  9176
22  4536  7927  5212  2409  6247  8827  1197  3278  7701  2213  8881  1672  7408  7304  9308  6934  1242  2822  9773  5311  9669  1001
21  6656  6756  6550  8368  5169  7316  6211  6406  4569  2087  7839  1671  5590  5022  3171  4577  7660  746  7611  2211  6060
21  1227  200  5711  9897  7516  4628  4043  4265  1719  7047  4748  7908  237  9149  861  597  6005  6334  6627  2280  1207
19  7293  3989  5347  313  1422  7727  1774  7266  6926  3141  8153  6543  4373  8393  2372  9660  6057  2516  5471
27  2324  4910  9254  7994  6132  2477  7339  862  4453  6730  4682  887  8361  7313  974  6267  591  7887  5414  460  8899  3604  3106  4418  3677  2221  1210
19  5971  530  7554  2600  300  8667  7267  1328  5104  5482  155  745  7056  4751  9057  8910  9024  8865  6113
25  6662  5006  4733  3119  2578  369  1643  3811  2042  4457  6043  7531  7179  3628  8427  7155  503  1732  6781  4037  8765  8579  5685  2376  737
24  1447  277  5621  4205  8694  5684  857  8450  918  5097  3939  8738  7786  3419  1678  2487  6653  5555  9703  4408  6177  2224  5057  3514
25  3333  608  5182  6119  2930  3532  8075  3314  215  5527  5171  361  3448  2733  9119  7895  3558  3162  9622  3274  5204  1288  9383  3719  472
20  2296  9320  2896  9527  8151  2675  230  3722  153  999  1824  1769  2868  3649  5509  3248  562  1969  6433  1055
22  9733  5369  6567  753  1441  1985  3258  4866  9143  4272  6891  7417  6777  1358  5152  3048  3835  7251  3576  401  5436  8594
25  6529  4833  6021  4806  5952  7812  4767  2607  4121  6861  1154  8669  6332  3483  3004  2085  2674  9161  8032  1798  5337  6343  4077  8838  3749
23  1883  457  9549  4704  4034  353  6727  7998  2309  683  8917  8141  5360  8922  3823  9807  988  8256  4284  3415  6445  5055  795
20  7455  3910  417  1835  7816  9652  7659  1320  9798  1444  1477  2617  2127  5549  8333  2450  7202  5737  7042  5848
24  7711  2626  6058  3433  374  5702  4800  2206  1598  8988  8261  4543  9716  1357  2413  2236  6432  6918  2427  4005  3942  7831  430  8337
26  6794  1142  9757  2060  7811  3930  3895  9074  9592  3992  1130  8817  6142  5007  2590  9122  5114  9173  7126  6640  9257  2361  6876  3238  9241  406
21  9820  5089  6634  9130  9165  5803  4857  21  3277  6798  7800  2772  8215  8483  5924  5489  5846  1425  8613  3518  325
17  3049  6804  2031  8116  3793  8956  6056  816  5730  6995  5850  110  3852  5624  8441  2133  4476
23  7140  9316  6645  5082  4888  2966  3476  9155  924  7529  6396  7265  9423  8045  5570  7644  9008  5750  9956  900  8279  7943  7133
17  3655  7314  2382  7263  4724  6156  550  7259  2144  5157  3503  6154  8394  362  6594  1892  3069
23  7186  9627  57  2140  1537  9641  138  2846  4104  3121  9205  3856  8473  3361  735  9982  3306  6551  7828  4934  1129  5825  6795
23  4877  1363  119  6729  9889  553  7822  4111  8826  2154  6167  5243  9862  3599  7852  1811  3581  143  2925  1728  7977  9095  3928
25  3546  4196  7737  1465  4099  9975  2525  9482  7898  5464  6873  1629  8325  6827  8907  6651  2483  2707  2870  648  7618  5718  635  3255  8113
24  3245  8574  9804  2126  3646  7770  3498  9056  3894  7220  5600  2956  5357  7418  973  2971  4030  5038  6330  7989  9746  5688  3405  998
22  2589  9602  2132  8597  105  1429  1692  1638  6519  9378  1772  3841  7340  5186  577  4708  5707  1506  869  6573  845  8137
26  7810  2642  1628  2323  8190  8631  1417  280  7525  7750  2501  5216  4000  4870  4831  5863  2489  829  6732  3273  5972  1467  6317  8877  2138  9860
25  8029  7406  4050  6398  8806  396  523  1531  202  7178  518  6339  9877  3873  3707  8039  334  4827  8084  2761  7688  6302  7717  5937  3408
21  9046  8328  9680  3370  2160  6672  2885  5211  5880  728  6414  9629  7976  4001  9991  2650  6516  5432  5024  535  6750
21  19  1121  6710  2997  6274  9082  6684  2715  3796  184  487  8050  5355  1083  6964  4422  1954  5252  5011  4197  685
18  6654  4661  8637  146  4966  4274  9526  7749  4378  3689  7285  3061  654  205  5151  6108  7476  6650
21  6189  4624  2497  7211  380  461  3731  4685  3645  1073  1597  600  4847  2676  9315  2069  2807  2865  9484  5058  5682
25  1414  9282  5566  2952  5838  5193  3946  365  5306  5172  2994  3551  9086  7107  6077  7439  1196  5397  2638  6017  3876  5928  9189  3126  3611
22  8783  5954  3701  2984  1004  2086  9221  3115  6799  26  3660  5655  2687  8286  5759  2890  7426  6275  9340  5198  5977  9990
17  3527  7546  4705  354  9647  1779  1198  2373  776  5350  8121  2476  5884  9197  5669  5889  4716
26  6502  245  9769  8110  9684  6359  5915  6178  1871  774  2990  1116  2084  6174  1265  5288  6937  5315  418  9857  8208  2339  7083  9427  4079  3229
27  9166  206  7226  3789  7730  1768  1008  9324  3772  6447  9384  997  801  7723  7063  2500  4960  3318  9352  9491  236  8802  4616  783  8508  4683  1261
25  2603  8832  977  2857  8058  9720  9724  6619  3449  2955  7321  1382  963  3916  5645  4849  2572  588  2775  5290  2165  5439  6944  2200  3586
27  4873  6669  3585  6985  1152  2667  7515  9632  3085  6443  7755  3661  5785  6025  8314  185  6400  7517  7851  62  504  2266  7427  913  1191  3838  3110
20  6139  481  1500  4481  2075  2467  2645  1308  495  9079  7848  7302  2553  6611  6428  9417  6335  2064  1180  5179
24  8489  5996  210  1647  7777  5951  5160  7474  5878  8064  8906  3234  2254  6510  9034  6310  7  7756  429  7597  2905  6998  455  8120
24  5227  9965  7567  9135  6213  9505  1248  5630  5692  8400  1783  77  449  7549  2256  3244  6289  347  4240  3733  9814  5833  6322  8947
21  1838  9813  4558  2799  2209  8687  8659  1199  9593  4351  1058  8992  8753  2088  1274  9525  644  3343  9014  9614  7533
23  8149  2681  3921  6357  4326  6579  9553  9001  2063  6459  5577  2685  2150  505  6500  7029  3944  8777  4994  4324  383  8308  6191
27  8630  6410  3445  9457  8094  9075  9222  1338  4224  4701  1702  276  4535  5675  8567  9945  7294  858  9728  5726  4402  5560  1158  2046  1658  18  5293
25  567  3368  7312  4914  9035  1062  147  6379  9659  4279  2854  149  6803  227  7541  8930  9047  7038  7478  6770  1813  8925  9646  298  4799
22  696  209  4202  7922  9364  2115  938  7620  2596  1982  2197  441  1548  3634  1927  6954  145  3886  5051  5395  8232  7017
21  477  9469  950  1913  952  6243  387  8293  618  5929  7130  4280  3214  3481  8592  8472  5229  8235  301  7235  231
24  7435  1524  2167  922  7278  2505  8798  1389  6821  11  1217  5002  4902  1351  8436  5430  393  8276  3250  2103  3520  1084  3712  5857
24  5218  3779  1252  6034  2817  1098  6865  8691  6157  3404  6505  1229  2757  8354  1616  781  2723  7963  5871  1231  9307  8607  4479  9374
21  1228  2401  5888  4035  4344  4347  5933  947  2218  3699  4963  2263  8771  625  8769  4183  9007  899  937  432  3929
25  1407  9255  4016  9341  2404  2543  1297  8843  1681  9110  2175  2189  5778  9835  1167  2295  9453  3479  1483  725  2624  5131  4968  926  707
21  6485  4794  1550  9949  1968  3531  8820  893  8688  5379  5689  7853  1654  6667  7550  3164  1385  5207  9787  4242  1087
21  7864  442  3938  2937  9394  7066  7234  6838  2444  9722  1471  3266  2567  4571  7960  3955  9760  5272  1536  3591  5029
25  3918  3092  3554  9065  9466  1943  6925  8760  7865  3574  1395  1761  1253  250  96  5149  1730  7596  4680  7902  1868  4383  7165  8008  8941
24  8932  8573  1503  8194  3530  4775  8952  7389  7689  4357  9150  5191  7707  7699  2752  7030  9907  8677  323  2827  3612  8404  587  6152
23  3249  493  1777  5291  1250  3657  1891  8534  122  8242  385  1749  1696  2239  4954  5053  4108  7739  2985  637  4424  4  4013
20  7687  6951  9562  8955  9742  843  6393  2468  7065  9498  8811  2299  996  6249  1957  8568  1899  6323  3965  263
18  4984  2455  290  9419  8595  7037  2534  6953  9366  3438  6324  5518  9124  2625  3633  4310  4568  675
26  1384  7638  4003  3513  2275  5835  7221  2057  7006  6810  8544  9428  6608  6149  3521  5401  5215  404  1360  8880  7469  4463  7008  2821  3012  6458
25  9090  3396  35  6023  2044  7729  6930  2048  395  1980  9023  5117  9470  370  7974  1388  4526  5893  5331  4672  5787  1837  2100  6917  391
27  3276  8786  3795  2180  2802  8243  7817  3509  1448  6920  366  6326  4903  3130  7273  3076  5840  5199  2647  8894  4129  2391  1202  8174  2998  1909  1653
20  1170  8462  8868  8173  5045  7562  7361  2366  9240  3186  4845  3262  4468  6086  7815  7089  2987  4952  3571  3064
23  9405  6307  2036  5656  2673  3261  9639  7305  4499  3428  916  8476  4974  1906  7212  4239  5126  5264  4808  3035  9499  1204  2130
21  5615  1995  497  9171  7043  9028  8239  2863  6353  2978  3962  1057  2242  7945  5164  1039  7593  5037  8454  5044  5758
23  2424  1869  2856  8530  2661  9101  4623  3862  1292  8027  5472  6862  1132  7377  6511  1049  3954  2488  5146  5407  9290  4779  1226
