30  6428  3581  548  7358  9984  6278  3238  1243  3934  5401  5879  9173  8505  2066  9279  7948  1054  9297  461  8495  8403  4876  5544  1586  7857  5582  5937  8596  8092  2504
30  45  2563  3833  2005  4824  1123  4082  5125  6274  6186  2955  9281  3273  9228  3974  5152  2508  4033  8196  6120  8161  7797  8354  4209  8433  399  9099  1022  3381  1627
30  9475  9696  1365  7011  5483  837  4314  6676  5296  6473  7651  9917  7068  115  339  6375  367  3574  255  4787  3394  4781  139  2162  3995  2618  480  2345  8945  5033
30  6198  5524  2785  5077  7026  873  8046  4673  9437  4193  4559  4064  2808  6178  406  8675  9196  3814  7829  5841  4649  4554  8071  4210  6799  2261  860  7089  4775  8194
30  8103  9054  5846  5938  2396  6444  4817  8285  1541  7405  9274  5192  9502  6581  680  831  2324  8972  1013  9929  9944  3365  7034  5785  6981  3237  8376  9113  5635  4977
30  6599  3075  4766  2836  6925  4697  3186  8494  2266  3770  2009  3863  4988  2998  877  9902  4477  5590  299  100  7398  2750  8676  9680  828  6011  891  9398  1559  233
30  156  6227  2241  271  9130  1025  9773  33  4134  4444  1089  546  7423  865  8334  2114  318  6714  3552  9626  4301  2676  5089  3627  932  1594  4840  8484  7850  9941
30  6440  5160  5771  4808  2304  7482  8266  2868  1194  9660  3487  9368  3407  4835  6337  2800  5695  3837  4310  7141  9801  8656  6536  8853  7486  4360  3406  8916  561  7134
30  1566  6021  4543  854  3950  6718  2101  9055  2158  720  1301  6914  4101  8035  805  8109  1439  2695  3113  6678  5335  4854  8173  7055  5286  1834  6901  8272  824  7774
30  6261  5030  6729  7611  2037  1907  9027  2770  2797  9851  1039  753  6354  3635  143  2683  9876  5394  8414  3615  1970  5094  6047  6926  3910  787  4026  3421  836  9204
30  4467  8546  8177  2418  3866  8693  2024  319  3803  6162  6015  7925  6927  7404  2576  7702  4139  6861  1763  8259  4670  5563  5363  5649  5445  8515  5559  2357  6235  7540
30  2822  5645  6879  7014  2570  7603  15  6990  9362  4938  6847  1622  822  6025  1829  2204  5971  8614  8757  6083  3550  6219  118  6548  5120  6251  427  1288  2781  1793
30  5876  8299  9366  9470  6030  3380  5307  5863  1420  9338  2552  5592  7355  1303  8066  1494  5519  193  3359  9266  1379  4285  8280  7658  1633  9253  9041  8792  3957  3531
30  9151  7132  9942  6890  4436  7383  6016  5925  5223  8541  5028  9526  1867  567  5427  9763  6362  3567  8158  5043  3976  3017  9048  8127  7360  1728  7930  4352  8583  9969
30  9738  3198  687  9492  5534  8615  397  8609  1888  425  8593  8089  9862  8605  6406  1458  7757  6802  2411  923  97  3964  7913  1628  5575  1281  240  5092  6498  7348
30  1134  1377  9460  5740  9966  1631  6966  4597  106  5159  1259  6033  5963  4179  8015  5606  8732  2312  1906  5060  8208  7821  5663  9789  8985  218  7166  3652  6842  3107
30  8033  9814  1196  7694  6459  9115  1283  6859  3904  3724  2595  9815  2122  4430  8925  9256  5775  1673  5205  4056  9516  1561  1979  4426  8742  4061  497  2008  9349  1298
30  2234  5955  8125  2557  2755  7845  8421  3541  2435  2233  8206  6705  8159  6115  3269  3942  9668  1918  4043  3162  6571  7716  5364  3977  9661  1576  127  501  7885  7260
30  835  4830  7569  450  2573  8714  515  7201  8263  9808  7664  972  4591  5332  5761  3446  9616  2432  1351  1656  8703  6984  7274  4449  2483  7713  6972  7261  2493  849
30  9670  5703  4754  5476  3763  4156  6125  9223  888  1759  5133  8369  4028  2852  8142  5230  2527  7622  9596  3261  1164  4731  9840  6465  7754  859  5950  9164  3901  7559
30  1959  2830  1040  8851  9884  2352  5  4975  6979  4194  7709  7284  3553  1128  1188  1135  982  9066  414  1366  763  3357  7266  8451  6911  1209  2448  6028  5717  8465
30  1179  8184  9913  8297  9956  2201  4053  2129  2027  7916  363  4941  1460  6018  3585  4448  3137  3535  471  7285  9005  8473  3223  9036  8243  9025  5747  587  1484  2611
30  2995  8502  182  5529  5668  1260  6485  5637  6615  4799  4542  5951  9780  5905  6060  6591  4373  8867  3109  5655  8525  4491  7113  9061  7998  4961  2706  2716  6240  1508
30  7678  2091  7448  6778  3735  2049  9915  385  1012  685  6472  3797  7531  1044  6484  844  7556  7630  8133  6853  9237  4668  2621  8789  5719  7119  2834  1071  1345  1177
30  3039  3240  6245  417  817  5724  5990  3205  5772  8641  1692  8862  4720  3124  9010  866  4280  4051  887  5733  342  5421  4445  9608  7666  2721  8987  2544  1522  8395
30  187  2648  328  4481  4  8277  9874  1009  6538  7483  6860  8153  9332  510  782  7114  4424  4800  9471  8827  9432  3965  7454  4848  1527  1378  12  3328  2620  7641
30  5266  929  9037  6046  3126  7147  1441  6643  2489  8687  9254  3277  5550  3284  673  3441  4488  4149  6628  7027  7826  3768  6805  9536  6209  6832  9320  2881  3106  5269
30  9053  750  9104  3383  2640  571  9489  690  2613  2562  8150  3892  872  7340  9824  4199  9424  4492  8333  6792  9897  488  2159  5019  4979  3614  882  1655  7537  5486
30  2734  3756  9336  3501  9079  6005  4104  630  8256  8876  7784  2011  1182  609  3393  2666  3657  7737  1654  2625  6247  9137  4744  614  5039  8306  1634  1464  8132  6164
30  2717  804  5984  191  8282  4573  3755  5079  8506  1549  51  9090  5480  1948  2973  1771  8990  8960  7129  8233  9807  8452  988  6281  8690  7125  6495  2189  6149  6413
30  2603  1833  5492  4169  7699  4009  8954  1004  6874  1895  5407  2763  6224  5611  2657  8601  214  5037  1632  8291  6270  5494  7391  6917  4505  2104  6041  491  7697  9982
30  7849  4107  5889  8781  6983  5251  949  851  8581  9451  4929  7328  1908  3795  7043  6772  7013  8139  583  5980  5179  5871  7736  6986  2340  1682  3796  3289  7294  7911
30  2150  957  9257  2604  4046  3536  6794  3001  8828  3185  2320  5440  3515  5913  8842  5581  9283  2692  7881  6695  829  2172  1663  8922  735  2257  6052  2616  3872  124
30  2921  2156  7015  34  6382  5086  6292  7800  1167  2961  7812  1647  9993  7459  4161  5800  7172  8401  716  2988  1116  5271  2471  9602  9977  9865  8061  9687  6564  5707
30  9058  1204  5324  5898  3373  8765  2519  9238  9495  7142  1671  2924  9952  2080  4045  838  6380  2697  5688  4498  3751  6803  4816  6355  8902  2393  8244  9987  6217  7756
30  6430  9194  5973  8513  8327  2144  4304  1804  1525  6300  893  9910  4290  3456  5450  1963  6134  2740  1346  7510  6064  154  4772  4624  3996  1815  3041  7900  3769  7341
30  1434  482  9584  6819  2756  4391  589  5323  7240  437  3989  5036  7267  2842  1418  7276  2125  7081  3068  307  6193  3097  765  5217  8556  2626  453  4518  8412  7936
30  7318  2381  3681  7421  1560  4084  7176  5580  9675  980  1980  452  1709  4295  2645  7130  5646  618  9553  2420  246  6349  5145  9539  1112  2398  2105  6397  2786  8629
30  2870  7229  3258  9506  7798  1462  7381  9864  2247  3715  4638  3986  9728  7949  7623  1145  6166  8667  6877  9162  9644  8048  8881  9945  8940  8522  7090  448  8514  7534
30  3448  1599  552  5511  273  7177  8681  9546  8292  4003  4792  1309  7213  2416  2500  3894  7126  4438  2663  3222  7241  4206  6825  9623  4468  6943  9778  2999  966  8696
30  2368  5673  2890  8481  3306  1562  6379  8239  3984  6535  2457  1861  2325  2316  5808  8761  4883  6306  7365  8156  3445  2688  7954  3699  808  2885  3734  7246  4345  1651
30  2635  4581  4259  1066  8872  1239  2279  5228  3427  3018  4958  2100  300  2878  2632  2615  1783  9893  1156  7225  3485  4333  3523  9569  826  2095  5398  5161  6955  7215
30  2922  4574  9695  702  8950  3036  5210  6167  7981  6163  5142  6918  686  2900  6457  8378  4902  2043  5573  8367  6949  6937  1617  9503  7019  8567  4532  9904  8387  5638
30  5371  7794  1956  1670  4151  294  5229  9599  1149  5168  323  3402  7525  9655  6291  965  5652  6953  6962  646  1075  8930  3862  6489  8836  4367  8165  2041  4135  900
30  5959  6791  5334  7689  6150  629  795  320  2322  2281  6268  6893  1023  6368  4098  3983  2872  2727  3960  8271  3788  9105  5576  4613  9201  651  3760  3308  4256  7272
30  6056  7613  8927  2777  8083  5860  1787  2644  2541  1603  1545  7071  8815  9739  7290  6873  9325  5541  834  9345  348  3296  8923  6771  8088  8043  6012  6184  9697  3386
30  2584  7642  4170  544  7161  593  6464  4298  6978  6553  7462  9812  1206  4992  1879  1856  5268  6180  5493  490  9532  2861  8357  1497  3838  1812  8077  1615  5915  1637
30  2758  2996  3534  5113  1863  375  6280  1344  5512  6328  6690  8253  8857  5200  6253  7557  2287  4525  4054  4475  7550  1356  8557  2856  1811  3214  6358  3962  1106  411
30  5254  3860  457  6664  7279  2746  8651  8831  9986  8840  4691  7767  7928  237  6945  9923  8713  5040  5614  7133  7634  1334  7311  4176  9637  3588  9535  9723  1350  6301
30  3183  4634  1339  1140  2614  7992  73  1238  5315  9994  472  4921  8294  5417  9261  305  2949  5539  1195  9017  9512  3140  2764  4485  4790  8554  172  8959  8240  8392
30  9822  9440  330  7309  1175  4227  5318  8790  190  5757  6037  7776  301  71  3806  4598  6453  2341  9046  1565  8  7940  7451  11  8393  9713  7478  2268  1399  4184
30  4891  1568  4122  7042  7707  1016  408  8442  9725  5570  5490  5647  1444  3360  1314  4551  1114  4496  5825  599  2898  6373  2102  5316  632  7332  4580  6762  1851  6835
30  9191  2191  528  8400  5109  678  1276  5916  8649  3802  4997  3484  6997  5869  9455  3941  815  101  4557  3737  5047  562  8209  7501  8045  4646  5593  321  2456  3634
30  3636  6257  4568  4068  2293  8439  6554  3741  8249  9554  3774  8245  997  4825  3382  5220  7681  5487  6315  500  742  7874  9206  2566  3066  8810  2572  4698  4585  4539
30  8725  7382  2330  3302  5855  5020  2221  4231  6919  3777  7670  4504  5124  2606  7973  2704  3672  2364  2047  4924  5923  8340  7017  9167  4270  2269  3779  8011  7066  7021
30  2446  625  9591  8431  3268  9980  738  5670  2728  5301  8309  4281  2178  3488  8814  337  6629  5187  9587  7943  46  5893  8101  4036  2282  2214  7677  8487  5897  5065
30  3353  9246  7115  5914  2350  4018  6766  7526  1411  87  4095  4728  1630  3798  863  6228  369  4843  9262  1246  2827  9271  8748  3578  4999  4020  47  8501  2968  8909
30  389  8246  7397  7979  4219  309  3332  9394  1707  3500  6711  4945  642  55  9185  4633  4335  7912  8425  7003  9614  2641  1072  5085  6289  7154  9894  8228  5953  2480
30  5482  8607  8971  9227  5566  721  2677  745  1657  9149  3908  1708  2153  9618  1721  9060  6451  5880  5884  9480  5602  8704  9313  4409  2694  1287  6667  9293  5365  75
30  3187  9446  5475  1192  6620  979  9165  5433  2679  8528  4272  1228  5404  9833  5909  5972  8610  7221  1  8304  3566  4982  1041  2160  7220  344  31  2487  6639  8009
30  4611  5147  1712  7394  9636  5066  3318  4137  5302  902  7135  1158  7645  4092  4578  4779  96  9169  3231  7433  8795  4233  4563  50  7128  44  9023  556  3580  7722
30  8172  5325  2554  3640  6407  3680  208  3669  7927  1121  2646  3506  9703  8538  2082  557  9122  2245  5154  8107  8098  1159  9682  4296  732  7477  9613  3345  4923  2659
30  820  9360  3772  4067  1745  7485  3267  3090  4205  6236  9634  7352  3817  5162  2413  8338  7307  830  9717  3852  4513  28  269  8388  7048  105  3355  4590  2213  4915
30  8598  9445  8434  6623  9669  8701  1740  956  7392  8274  9889  8889  7188  6206  7077  6414  6545  5447  7353  9726  7366  4508  1514  2374  1017  3661  5215  8024  3038  5208
30  719  9764  7031  5965  7084  1985  3836  2637  6854  7202  2654  5983  6999  239  125  6741  1382  1169  8847  1190  1901  7211  5328  5558  2109  2976  3601  467  7841  2367
30  4172  1752  8678  665  3762  9907  53  4828  8076  2179  6385  648  2647  331  3377  7146  274  9683  2181  6958  1940  6568  8430  2284  3478  8533  940  24  2585  7652
30  3883  4260  1768  3339  1964  1715  7974  8111  6218  7993  4652  4774  8907  9370  9672  1094  5409  3740  6400  3007  4846  658  6855  9364  2302  1518  3274  3226  4526  9154
30  3190  2517  6200  5345  2506  304  7668  6099  3195  7755  9093  9529  2255  781  2967  914  2283  7803  7273  1903  9521  6468  1699  3577  8811  1449  9347  9916  7805  5987
30  7138  377  554  5794  9175  5416  9391  513  6764  943  8655  4544  6582  3241  58  3175  4072  3869  324  524  279  944  4849  2784  9620  3943  205  7789  5779  6511
30  9392  3288  3937  8797  3518  2036  3049  4282  36  2207  7419  2943  7983  1489  2165  7035  1819  2564  4645  7684  5288  7547  1381  8104  7714  3239  1263  9463  7654  3517
30  6933  2198  6461  5156  9735  5868  1794  9585  3745  5969  7415  5584  2502  2033  8886  3801  8031  645  1611  8984  3967  1065  7862  1328  6659  4798  1820  8918  4963  6441
30  3016  5801  5934  9646  7323  1515  6746  5353  2310  1839  1269  5096  8347  5847  8255  8329  6282  2110  303  8537  6043  5979  9086  1183  7376  8219  2501  7029  9403  2681
30  6507  1824  8740  1014  6748  3283  4567  8968  7748  8398  615  3494  545  5024  7962  7586  4676  6518  8702  1955  8692  7446  7469  898  3084  6201  7156  4237  3403  9770
30  2223  816  5528  563  5298  2768  7286  3348  1821  4640  9376  6574  7873  1459  729  2845  4839  8028  5810  4842  1729  1332  6109  6501  3135  6408  8895  3816  8768  6804
30  8141  3827  6265  502  4415  4250  5883  308  927  2039  1082  9593  2948  9303  918  7058  5978  3895  2379  7961  4159  7170  8136  2987  8576  6366  4346  7435  6974  7688
30  5260  7545  8934  9787  3582  4248  7158  2591  794  7693  6233  199  8967  1126  861  4128  3897  7206  4493  7208  7098  3809  7182  7498  4326  892  2088  7002  3540  819
30  9106  688  5209  7581  3953  9761  221  9565  6470  3654  1207  8214  9821  2877  2551  3889  5565  4106  3085  3822  9230  1284  9479  1447  9181  5173  6377  4827  5042  1911
30  3117  3832  8170  4091  4966  4165  908  7988  8251  1810  6715  6586  7282  5894  2056  2981  6841  2445  8034  1471  4770  2277  3593  3994  1997  4571  5430  3522  2249  2994
30  691  6982  4994  928  9806  6348  6580  7944  7592  1028  2558  8623  6238  4402  4160  57  7763  5958  5252  9922  3428  7571  3561  9063  1583  634  5032  5609  5551  1363
30  2849  7205  8227  1909  7890  3266  6262  3079  5739  1609  6666  5064  9964  394  2903  5716  4109  2111  9776  1286  5697  3935  6391  8633  2884  7711  9244  8891  4707  2497
30  6096  8669  3656  5185  4607  6421  8992  964  8517  5861  6364  881  644  1650  5839  2424  2326  5484  4103  424  1649  2733  7657  9514  2434  2533  2828  6881  2215  8670
30  681  7047  9441  5462  9416  9937  4887  3335  4953  2937  2083  1000  6954  7989  9367  8341  2278  9427  302  1684  5194  7255  8275  1086  7287  4337  8830  5543  6650  419
30  6781  4980  3972  3333  3396  9625  4030  7467  4185  4889  5384  5501  5083  8989  7588  3063  2193  3971  9624  9779  5362  3969  3980  821  4038  3930  4619  5667  1001  3748
30  2038  862  1842  6482  9073  215  7952  9456  2194  8469  7876  9839  5169  3819  4925  1662  3458  56  2447  8563  657  9578  2356  9657  3163  262  6637  6029  4254  6405
30  5604  7855  8399  5545  3612  1795  4252  572  3192  3158  5687  9110  8832  2314  6044  8489  8283  6302  6050  3244  1757  7226  160  7252  8818  6222  5586  2516  6680  9958
30  6570  94  8870  3312  3410  8549  1236  1160  5274  7680  313  2062  5699  8435  1936  7953  1713  6807  1789  2723  2696  4225  1362  7987  1869  9353  3311  2441  7806  6576
30  6130  3210  416  26  1422  2401  1165  7513  8377  2601  3565  6318  5701  2465  7696  8254  254  9140  4321  4742  9566  2543  4024  9101  1277  6577  3457  1369  3918  9700
30  6812  1030  2954  3643  3524  1659  2167  6128  141  9949  9260  4990  8413  2818  1294  4157  611  5248  6724  9867  7325  8612  5141  5765  8648  9759  9030  6823  8216  697
30  327  5535  1805  8356  9702  919  5525  6437  1127  9425  7955  9012  7766  2092  2817  9996  7124  7834  4596  370  9171  2787  3307  783  1546  3015  8658  5780  6561  4275
30  1826  7179  8710  6935  4034  5945  1133  7110  4465  2542  620  3315  3631  2121  7346  7491  3677  2972  3602  2164  454  2361  3689  8716  441  9962  9045  7843  6969  5823
30  333  1143  3701  6635  2145  4005  1760  3297  1485  4521  5023  7466  3490  5974  6749  9024  4146  9469  4704  3031  3077  9234  7145  2905  2072  4459  8880  6266  6264  4678
30  5634  773  8492  108  8540  3716  4530  9477  4724  3156  8689  868  5998  2859  4617  6418  8688  6621  613  6967  7959  4211  6116  2865  2285  1279  5548  2119  8443  5211
30  8854  6557  4765  6416  3844  6876  1612  7028  8460  3912  6412  4818  933  5438  5330  1358  1496  6079  884  705  4429  3736  9744  5155  7520  181  9828  1105  9555  8799
30  7674  474  910  3260  6973  7723  7259  7598  9848  4247  5119  2760  7076  8661  3568  7099  958  6396  1645  6527  8822  5745  7140  5873  3713  6717  9064  2306  9330  7887
30  9581  8896  1531  2693  5207  8697  5714  771  1306  9289  5121  4153  2643  5118  2534  9552  2581  2653  5899  8016  5087  7627  3691  876  8510  8343  3607  4592  6810  7162
30  5835  2607  1285  4318  6374  4175  9147  6036  3465  261  4888  7122  2116  3095  1029  1461  7779  52  1781  6195  495  6131  7250  6583  5571  2248  990  769  825  9932
30  9145  1492  4951  7120  1398  1264  2569  7878  8349  5769  3398  4435  2412  4132  5265  512  4112  2419  3293  7350  260  6934  5339  6241  2732  5864  4384  4683  4708  6632
30  7833  4494  5136  5031  6910  9096  6985  1770  4874  1326  7062  4443  3434  6352  8864  9091  5758  6334  3884  7832  1230  7535  7092  6579  4907  2264  4981  9003  4339  470
30  3425  3720  1330  7638  4777  8884  5610  365  177  9314  3545  3286  2935  6612  5015  8630  3470  1537  226  4911  9088  2073  317  3947  6103  566  65  4552  2957  2149
30  9832  90  4773  276  6275  5313  1994  185  8235  5369  5189  1493  1069  709  2428  5767  9570  8210  985  7447  1180  5283  1843  5180  4783  2422  7741  4699  1503  531
30  586  4501  7439  1037  3811  7249  6027  8365  7316  6230  2286  4844  584  7846  3132  559  3616  5295  7217  4187  4899  5858  5995  4362  3426  8736  2385  5948  5877  7577
30  5455  4671  5197  61  3295  4933  784  8737  8645  4325  8944  3603  2857  5579  8137  5006  1122  8226  3193  2131  6381  8212  5172  9433  3424  9576  796  9071  8360  4659
30  3440  5837  1556  7929  8699  9629  7203  9184  9059  8680  5382  38  2826  7589  2761  639  7385  5239  5331  3621  5630  1026  2210  880  4039  4196  4762  3840  3472  3143
30  7320  5326  3630  2205  1049  2339  7842  5446  8000  5278  5070  9087  8976  1144  4748  895  4080  955  6649  326  9199  8021  9402  7073  5599  1626  7968  3985  6830  1635
30  9351  4662  5653  1818  1505  3757  232  9315  3429  8004  4241  7802  4515  8722  5093  4368  6075  1088  4738  5799  9396  1090  3053  8852  1874  8197  3583  3758  869  6216
30  1785  3209  5555  2482  1152  5102  4553  4015  4589  4562  8466  7906  359  1490  1873  2010  7515  5199  6494  8199  7067  9341  3725  5381  7354  6833  4841  7817  2530  9418
30  3660  280  3899  6699  5612  8766  8991  402  9186  4457  257  3825  4869  7312  4743  1504  6968  4610  9981  7732  864  7971  7827  1297  6478  7616  8750  340  3530  5666
30  2772  3104  2365  1205  2048  158  7185  3997  8793  9798  7743  4374  4582  8512  231  3026  938  4740  354  8444  5164  5807  8102  6560  5686  7730  8776  9505  7608  85
30  2440  2765  2152  4803  7151  2126  5126  5138  4385  8627  1872  3431  9677  1796  376  8762  6698  6403  9426  2271  5267  5866  757  1318  113  4877  5526  3083  7422  3952
30  6340  2847  7402  9522  7985  7180  9856  6244  2470  1620  7291  4047  5291  3849  4420  1667  8373  9999  5422  5986  4778  6372  366  8632  2454  2691  7856  3664  8268  4188
30  7782  1573  8415  8919  9817  7436  1042  9235  6436  5090  8988  7039  9871  9158  5048  6156  4845  8773  1224  3539  3012  1476  1455  2545  4733  7121  677  1295  9544  6065
30  7277  8961  9361  487  1325  9719  3722  679  3905  1897  2243  1564  2946  7247  6996  5947  9312  6104  8155  7357  3761  2081  242  3257  6782  1800  378  1079  5930  7492
30  9141  3704  3460  1983  6284  7144  62  8679  9324  5146  3229  7753  7377  2390  5833  3477  981  6353  5464  7093  8457  2831  8382  5776  9881  7281  5650  1550  764  1921
30  493  5130  2000  5942  4560  2137  7086  3644  5176  8262  5474  4657  7059  5108  8436  9299  3250  9419  6946  9144  672  827  5449  459  5091  7604  5787  5844  1268  3818
30  8078  9740  8903  2512  5826  5949  2053  1222  6547  2274  6188  560  6454  5063  3700  4851  8190  4522  398  7314  8767  6034  3726  5140  5728  8994  4947  3138  6390  4300
30  8858  1130  9743  3519  8261  4286  5671  8454  7317  5802  525  8808  1880  6386  6026  2220  5546  9295  762  2402  913  4253  6477  1031  2294  6745  4274  4793  7978  8618
30  5588  7297  1807  4214  5263  443  7488  3326  74  8638  5068  3035  5818  4599  6345  153  6226  6617  4648  9730  176  5620  3200  2553  2896  517  396  451  2809  4916
30  3873  4349  7871  9685  9129  7980  4495  9272  5760  8874  2835  2651  8437  1097  6892  3461  5737  6884  7808  6964  5641  7786  8229  7197  4150  4411  3197  6755  9015  5738
30  9601  8545  8026  747  7442  8250  3881  4350  8518  4831  4579  521  3955  1262  8149  2671  1488  5741  5003  1291  6285  1696  4755  7139  6569  7923  1486  3697  7178  6202
30  3216  3076  5903  8586  4455  4636  813  6112  6312  6331  4679  5420  39  2017  3003  6502  9598  4570  5628  8671  6132  2958  9649  5305  7228  4984  8731  3958  845  4576
30  3491  4922  4807  6475  4926  9322  163  541  9240  5510  5659  9575  4914  4985  1498  9177  3978  1117  8321  3776  1273  7814  8521  2597  8192  5391  1967  937  9296  8385
30  2098  2698  1704  5134  8613  4718  1076  7872  4117  7468  8122  7275  6773  6728  2730  2939  3067  2485  5419  6863  3475  4939  3538  3498  3438  2498  3451  4998  7399  9741
30  4904  9157  7251  5537  1124  3610  6452  4969  6793  2303  3166  5329  2887  1280  5962  1552  3287  263  4836  8300  7646  7749  1107  1311  1878  1947  6068  5507  6038  2288
30  7851  6543  8166  7752  1059  4408  81  3151  9619  670  3850  7082  6674  1176  1553  8348  9617  3204  595  8973  7403  6095  8359  7967  6  5527  2737  145  3059  7502
30  2600  9443  9202  6463  4400  6767  8726  2762  5253  9006  4726  6287  8755  5080  7298  585  802  7236  9653  9611  9009  201  8998  316  1108  8247  5256  1801  518  9478
30  7080  1942  1746  4870  2860  7667  4788  6395  926  8042  7190  1548  8350  9250  7258  6398  8168  5013  3184  2344  8856  3597  885  1500  2383  4936  7731  368  4965  4331
30  3592  9038  2069  1139  9836  3411  5744  1340  8154  1477  3813  4519  76  9490  9217  6483  1221  4555  3596  9530  1296  8570  8738  7461  9686  5795  4735  3072  946  2338
30  1579  5383  656  2933  1197  8663  3346  7347  3882  848  790  3670  8813  8352  4011  1719  5746  335  8480  6827  8312  1569  3864  6909  6631  5985  6311  5859  4235  8636
30  4523  8394  8952  8503  7109  4677  7637  5596  1882  2832  5856  9689  1163  6993  3828  8796  492  386  7585  4763  4464  1343  1162  349  6335  8241  8195  951  1653  9307
30  4119  7781  5069  6864  1024  9258  3537  9745  5439  4885  1218  4223  2913  2577  6544  7882  5378  222  1033  3718  2515  8301  1208  4012  2778  4138  8893  3931  6952  4171
30  9180  8121  6857  4769  60  4628  5224  1245  3780  8783  1074  9857  9092  8248  4288  5067  8129  4059  6326  7127  2871  401  8508  5184  857  4381  1385  7008  8819  9212
30  3831  3025  9747  8566  291  9777  3731  1151  8036  5935  3144  1168  2370  9278  580  2739  3370  2568  2806  3433  776  7599  2438  3483  6887  1305  4895  2123  6142  6787
30  3766  9692  8073  3385  7295  2236  9302  3528  1836  7078  4163  9127  5694  7157  8915  3271  4756  3043  7813  4451  2127  5623  206  6702  3559  9112  6988  8105  2901  582
30  7643  9718  6888  5472  7742  3292  4627  4394  1730  5434  5055  9412  258  1972  6716  6450  8175  4509  7292  7262  8086  2816  423  4265  6317  4666  575  3101  3422  2084
30  8544  5388  7695  5237  1597  5726  7408  134  8914  2707  4292  84  2188  2833  9008  475  2187  1161  1973  9896  1394  1984  723  8739  5017  8803  5491  9615  3829  6014
30  4967  7186  7475  6250  2479  4192  9825  7054  8389  3130  1849  3194  3563  387  5994  7493  6786  6758  2070  2941  4972  9663  6158  4267  2991  3859  5734  4890  3857  1648
30  1813  1831  5966  3618  6102  785  9831  5170  6562  8316  8013  7195  1389  9280  7919  7233  6644  1376  7823  9758  1844  5626  3294  2336  2751  6828  6798  8986  2386  5723
30  2586  1512  68  6970  9612  6520  5522  2748  2680  9854  9973  8008  2610  109  989  1142  9050  3890  588  5931  6333  8600  3087  5709  3352  79  2848  3024  4685  5921
30  3709  8183  9075  6402  9384  5797  2138  6686  1253  8993  5508  8943  310  1962  5820  1530  86  7500  2299  9676  7640  5165  6852  8838  6053  2862  3207  8317  9410  4347
30  1999  2713  446  4458  432  2166  4942  6522  2161  1871  5397  2052  1988  6780  8883  533  2475  7437  4191  1806  6558  4203  8719  5589  4850  8695  5471  9767  9995  2518
30  3922  7639  5213  144  906  1217  8293  9485  5887  3167  9363  4019  4136  858  9207  3514  733  8029  6725  3248  7506  6608  2377  6239  2177  2211  3092  2915  1665  9784
30  7245  6668  9756  479  4050  605  4903  5424  5748  1602  3313  7345  1915  855  922  3747  8860  9674  5098  5927  1335  1234  3526  2392  5101  8146  4913  3074  9782  3708
30  3516  1539  4088  7636  434  9590  7149  8572  8848  9231  1360  6672  3982  2019  1482  210  8295  9021  507  1591  3217  6458  5814  1731  7306  3938  8953  2789  1946  2254
30  577  4949  6151  6928  2430  4739  7572  3854  383  3887  3105  4401  5000  225  6399  8560  6539  1225  1240  9749  853  1008  9369  5341  809  2844  1015  1891  4767  8694
30  7136  6897  4238  7335  3331  2701  7016  9406  9415  5343  2802  2426  8552  4215  6757  7012  8759  297  6965  7333  4711  2932  6370  7512  983  8708  8305  1270  3159  969
30  4114  2086  810  9797  9120  8575  9537  662  8812  550  1423  7672  1585  4930  643  9935  2757  904  2087  6775  8705  6605  770  9948  1686  2478  103  637  1551  5193
30  8786  9213  5721  1036  780  706  1095  93  2289  9531  2230  6707  5811  6082  8279  1451  8051  7733  325  4595  5891  1945  9210  607  7523  7705  4872  9438  265  4964
30  6613  9662  6595  9732  9382  4587  1677  9571  1354  4229  1096  9979  8144  3415  628  8871  7200  6009  6124  9701  4330  3093  1274  6899  4993  3649  9774  6161  7270  5453
30  6042  7175  1491  3921  7867  4001  8711  5218  1777  2318  1431  4168  798  6429  4813  1726  4113  7218  5957  1480  165  2035  1155  9450  814  2203  7951  7729  2879  2388
30  7653  7337  6640  9755  2767  7957  3703  939  22  3215  8325  3606  6814  9365  7112  7431  6432  5174  9405  5708  6549  3843  2934  5225  4255  5261  4380  8236  5851  973
30  6885  1925  8850  9699  6445  171  7022  4116  5105  7045  8794  7000  741  924  5720  7831  9757  3319  7181  483  8825  9319  5735  5300  9022  4688  7214  4461  2561  5517
30  8424  8364  7496  4802  1421  1923  740  1322  9457  8700  2799  1889  5442  8938  178  4637  7558  6850  180  4399  9125  6700  542  312  3841  652  3120  9869  3913  4644
30  3875  2550  2649  6258  4386  7715  5901  1898  7660  409  3835  7706  6693  3622  1774  7859  4934  4470  9647  4372  3915  9926  7263  372  4108  4615  9765  2273  2016  9138
30  526  9031  8977  5881  3954  2873  35  8897  9044  4413  4262  9089  2897  5451  8807  2970  9197  3820  1950  9920  6987  2628  29  8169  7602  7770  8582  3404  3334  6051
30  9413  9887  8080  4937  8053  1257  6618  3619  4880  5822  5429  7863  6449  249  32  4761  3400  5056  8023  8056  7507  4216  142  1443  4741  20  8416  5317  9109  3116
30  1808  436  3051  6655  2141  5654  9242  2242  3100  1081  5749  5279  2548  3879  4862  7844  7909  5242  2792  2726  7825  1775  8342  5981  3706  251  9586  3467  126  6588
30  5014  7606  6294  7458  1608  7430  1138  6057  9990  6160  413  3298  6434  7300  2759  2369  6594  2945  3325  268  8662  3787  3739  4155  9221  6709  4224  3349  341  6614
30  1717  4447  7380  7922  7986  6844  4096  7441  7111  7629  373  4687  7432  3926  7739  2464  4207  8319  7210  4086  7780  7  4283  8160  1374  8002  9080  1255  1738  2980
30  9168  596  5886  2715  5333  8966  8594  2745  3037  3678  5059  4440  6813  3094  1914  6696  5505  8519  5989  9641  6896  3189  6903  7619  6040  8637  4561  5774  9724  7690
30  3249  3492  7173  3679  7543  4181  5499  1784  5862  9436  7610  2050  911  600  3944  6426  2979  1848  4541  2045  7051  1157  1982  1669  7583  77  5926  2143  8167  2894
30  8220  5097  4751  6155  9076  504  970  3103  5312  468  3637  1557  5770  9434  6836  3096  6350  3013  4010  2602  1510  945  5753  2079  2360  9208  4954  4548  6663  7456
30  9049  3632  227  4239  9621  5051  2359  4621  5878  1679  8511  9908  8734  4425  5027  8621  7212  5081  2910  4023  4863  3564  8474  3542  374  717  1601  5960  503  6906
30  3387  7511  2813  5675  5910  3733  2058  1998  9084  2175  392  6252  4344  8686  2171  5727  5662  7932  5236  6054  2458  6165  2575  7101  4510  2731  2904  3030  362  6090
30  9159  9727  8134  3149  3150  5144  6049  5157  2142  987  2909  7811  4873  5874  4918  8124  7196  6940  6712  6734  3792  7819  8163  3447  149  6818  6074  7837  5284  519
30  4078  159  1021  1860  6790  4983  5693  3486  530  4931  5222  7387  4316  3685  3061  7725  9292  8758  3046  2592  5338  1463  4810  3224  3081  6356  166  3161  6587  7796
30  295  994  1924  6871  9123  1293  4278  3040  9491  2001  6800  8047  7958  259  1401  7167  2888  2231  6288  8608  8524  6297  146  4336  4681  7411  4197  9383  7153  7207
30  175  8730  3027  8118  2239  5783  2057  6359  4190  2624  9056  1329  8335  5691  9334  4120  5982  8837  9671  6232  2023  8064  6342  7480  88  7544  6303  1540  9860  2436
30  6423  1846  3575  1148  4710  2775  5796  9439  8322  8904  9420  3191  5249  5219  539  3108  4434  7889  8587  3773  3052  5321  9472  9198  8802  9805  390  8928  8470  7234
30  8995  4805  3471  2858  2578  1681  1282  8328  2064  5074  1852  3146  8931  2977  4417  751  9400  7248  8116  4357  122  6514  6089  186  9523  2311  7726  5372  6598  3595
30  4935  4303  2855  40  4715  6322  3847  1904  8005  9220  1011  9793  3846  8115  157  2540  5622  4244  2113  8379  3395  2880  9722  6541  5665  1981  9422  8743  6061  2103
30  9014  3179  915  2  1080  7773  8281  760  4348  4588  2055  6191  4565  986  5132  7088  3961  1858  2660  9511  6525  4007  7594  8188  2376  7508  1446  7801  655  694
30  7418  8383  5206  3987  3620  9097  6731  7866  2983  8182  5297  5327  778  3584  1968  1137  4727  5806  4085  8198  3282  6641  3591  6661  7972  4271  2959  4257  8180  4131
30  2851  2297  6959  5153  1053  2912  1373  4377  1064  5183  5322  7400  5791  9287  9002  245  9564  1403  1581  9085  3789  6107  5710  823  3752  5813  4680  8070  3285  722
30  102  8472  4507  3903  2253  8072  1055  7896  7163  9658  5366  9654  2020  6809  4723  1063  6119  1495  1780  7632  8397  6067  2317  9508  8685  2938  4600  5375  2936  3767
30  78  27  498  4650  7579  6255  1093  5759  4025  2843  3078  6862  4266  7308  4829  1409  2256  4164  1640  8230  1992  7548  6733  8179  2115  486  9927  5928  283  9577
30  4768  1125  5564  2228  8234  1430  5706  4358  4044  5821  5238  3058  5106  3303  6208  4276  7378  3805  4847  7762  4725  9639  3673  8929  5521  6920  574  4058  2804  6172
30  7584  1191  1186  7384  779  9678  2295  5850  6559  1120  7847  6183  1524  683  1892  1171  6930  7438  5389  4604  3900  867  284  6602  5408  3940  3148  2291  9873  4901
30  9888  9248  6992  5129  4622  9549  1229  9622  841  4370  7614  9029  3453  1321  6006  5718  9794  8217  5692  4618  9746  7945  3990  5234  1930  5459  3668  3719  2956  7010
30  9435  5944  5908  2876  1554  9241  7406  7915  2917  7390  5514  7108  8769  8332  1885  5732  9483  9077  8313  2460  6894  4198  9399  1857  4705  1958  9474  7631  5991  2507
30  2209  3235  7329  6003  7575  1588  8368  6752  5406  5975  9690  8284  9057  9068  5135  1636  3343  803  2492  3638  6023  6401  1687  2437  7717  7970  5849  3645  9838  7326
30  1574  4397  7183  9304  9454  6242  343  1440  4758  1310  5530  7771  4689  6010  2560  1706  7564  7994  7231  1619  6346  1432  6592  3374  6769  7807  8060  7861  7655  63
30  306  5557  8286  6493  1558  6822  5052  4472  1725  5838  6185  1395  2184  3543  1170  1392  1832  8310  6343  8839  6870  1755  7818  9348  8112  3196  3168  9358  8307  6479
30  4189  6770  8592  3324  9273  8108  4302  250  9853  219  594  4882  4284  9458  3028  5191  3605  505  6387  3569  3999  4245  9449  9301  2197  3014  1010  5712  1954  960
30  8946  3181  5865  3005  7367  1969  4183  6902  4545  8486  4040  1002  5405  2004  1146  9707  3301  2200  9998  631  9386  3933  9305  7897  4721  9285  5729  7852  2267  4329
30  934  9288  1067  8120  4249  6481  9540  7379  8441  9499  833  1825  5289  3136  7344  2982  388  4893  7570  5572  7372  5788  3221  1005  9342  5196  3979  6883  4635  3232
30  7426  8128  7529  9459  2186  7679  3443  7751  9781  6740  168  4127  9855  1544  382  3786  2034  4406  440  6307  5625  4220  4427  8647  7074  7542  5918  6821  1212  1766
30  9189  6980  1113  1862  1737  5542  9329  3871  3341  2960  5603  1045  6849  9769  1507  5202  9810  8843  4865  4719  8580  5722  4971  10  3948  8935  2911  6442  2952  6148
30  1141  7539  4996  874  1429  9963  7870  3281  4575  2415  8652  3392  7554  2790  1452  8787  5730  2425  9070  7479  7685  6118  9379  6273  7052  3547  3653  8374  8715  5255
29  3042  1312  8565  5997  6410  1604  4076  2531  2525  6675  4204  7334  8892  8278  8650  2348  6530  5567  4534  8331  9142  1722  4620  9905  9291  1266  8585  6732  9346
29  6229  23  8017  5377  4186  4867  6816  5587  2477  2788  1694  7824  2397  8826  4371  1353  1456  2407  4035  8947  3342  2180  708  3586  5158  3354  3589  4097  7649
29  4466  8504  4660  8003  8193  7728  682  5506  252  3304  5547  7939  1172  3705  3646  1453  7795  4482  247  9518  3738  8664  9259  1900  1375  8018  6776  6898  3082
29  4052  4246  1816  7219  5968  2218  5166  6286  2403  4263  2509  1754  7785  1701  1838  4855  7778  6905  1336  6900  5469  3793  2476  4319  7601  2866  2400  7165  6491
29  1048  3169  8969  7698  3907  768  2468  2774  6944  1555  1683  353  4952  2686  9800  2032  9852  6512  1584  2662  6529  2605  6467  752  754  9934  1916  2296  5107
29  2805  9589  9131  5127  9899  3118  8257  9183  4004  1610  3362  6590  4002  3011  1905  4471  3886  4946  3125  6505  9000  151  9603  2612  2405  1474  8037  7315  1289
29  3423  2090  49  5669  6351  9721  6500  3625  1767  204  332  1799  1214  6811  3054  48  3599  6963  3432  2112  7160  1384  2190  7799  37  2718  4674  8631  8311
29  6950  5467  128  3781  5456  6868  792  3858  200  5235  5035  6648  9497  6388  5504  7265  5731  7999  5272  8997  4142  3617  9610  5657  9978  3936  4643  8265  6207
29  5919  275  89  3099  7116  1913  1674  2908  6550  6572  8055  1723  4892  1952  2617  4317  6565  5755  3327  9875  4606  727  1153  9903  1685  581  7966  8683  3399
29  1572  286  1751  8875  6563  289  2429  6309  9954  3675  3336  8562  8824  4081  664  9359  4549  8461  4654  2259  4269  1605  9146  3688  1337  5725  5432  9431  9600
29  6392  405  4503  3044  1600  7721  489  9943  3711  4388  3262  6651  292  3629  1308  7199  2315  3376  5393  9316  4928  4154  8428  5624  2250  7463  8270  5007  2451
29  4960  2864  6093  1590  3367  6753  7087  5303  4630  789  391  8296  9809  3368  3220  3401  4328  6466  2899  772  9226  2222  8411  695  2427  8846  1727  5470  6575
27  8097  3247  5917  7982  6177  393  0  1219  4062  2986  4212  3923  9959  2837  7758  2327  2229  72  7504  8181  137  18  6293  4228  2059  6133  4361
27  9371  9498  336  2012  9967  2018  80  1193  4489  384  3454  9233  5075  9390  131  3571  9487  6839  6004  7057  9468  195  5009  2627  1607  4111  1199
27  1769  9136  9951  8625  8936  5368  6446  8723  1189  4021  6098  8775  522  1517  4614  5001  3824  4861  5929  329  293  6139  2065  1404  5970  9607  647
25  152  9447  5112  9397  6566  9395  4264  9835  8191  8106  8345  4213  3213  5287  5640  2473  6383  9357  4242  7977  5342  7396  6496  5204  2423
24  660  3929  9930  2353  8381  975  9870  7942  7935  4823  345  4351  1606  3594  3945  935  7669  9013  1974  7595  5882  5374  4419  6627
23  6808  2496  7244  6237  4093  2136  1370  6069  5309  1742  3695  6692  9098  1502  2272  5203  8079  8323  6499  7746  2807  1315  9895
23  4071  3496  8778  5244  8417  5784  5502  7875  9247  9072  7620  5752  5026  538  8868  6913  4729  8706  1995  509  578  3080  6422
23  6424  3628  2459  9150  8957  996  6523  9921  54  2825  2463  9547  6653  4070  1563  6831  9605  5380  6260  616  9573  1367  9604
23  5057  9538  429  7232  3667  2334  9339  1837  2040  6456  6024  1830  6111  536  7783  8059  5992  6593  1716  8117  2031  3444  1445
22  1587  5336  1976  5400  147  8620  111  1749  5018  8390  4277  6607  241  6789  7420  1202  2978  7505  9788  3474  1690  5885
21  5046  4796  3698  3702  9494  9753  6584  3742  3020  6187  5786  1736  2321  1823  7497  3626  6076  1333  7371  3529  592
21  8849  2583  5247  7416  4948  9892  9733  7472  7830  6951  6175  2387  8119  9473  1324  7562  8788  1119  7764  5562  7527
21  9111  1038  1410  3442  5682  8488  358  1256  6585  4511  9326  2206  9567  2362  3966  8408  1538  7192  6722  2134  4087
21  13  1425  2599  3  4858  2744  4289  1668  2124  133  9931  6323  2488  9016  9834  5824  2964  1543  9094  4771  3227
21  6197  626  5115  6516  6779  3556  2892  7409  3290  1147  6742  1876  8041  5636  8091  3309  4366  7518  953  1791  6091
21  7937  5613  3694  5181  971  3203  4031  2068  4456  7388  3753  1536  8396  7283  2455  5452  714  2505  8978  4605  7414
21  9714  846  3919  8063  9909  7393  6296  59  3131  2589  7587  3129  6689  4359  579  4484  5337  8712  3970  6865  7264
21  3590  352  7552  1267  8634  7296  5425  6531  5347  6486  7893  6851  4609  6127  5414  1827  3848  5110  2380  5410  2107
20  602  8468  9352  5151  899  1368  1132  8358  1618  7150  5804  4814  7143  7624  4626  8344  7342  6059  5698  5227
20  9321  3665  350  1465  5912  6994  3785  8602  8801  6192  693  3073  2333  7573  1077  1529  9953  2537  5621  7718
20  4141  1271  7864  1776  132  8718  9885  5314  2539  5817  7656  8288  1732  6528  668  7665  2063  7991  5845  2528
20  7576  6319  3659  8530  2154  9795  2132  3794  9750  3771  5104  5924  2929  4826  959  8635  2491  1762  1323  3188
20  570  9243  9933  2906  8176  6817  1304  5781  140  7549  8490  4378  3419  8459  9493  5437  6248  7791  2371  5681
20  962  3505  4327  3707  2346  2450  5277  4684  3310  1056  8422  3939  7189  4016  9843  1953  2638  6136  6404  6806
20  4065  8835  9042  5598  7361  8873  7038  4124  9116  5600  8475  1571  4706  2596  6645  1018  4593  9143  9580  8479
20  5465  8406  2399  1890  7719  6369  4306  7484  1960  710  2151  1840  6045  535  707  6679  7524  6002  9731  4063
20  7633  3482  7060  9751  1300  3170  1007  8224  8861  6941  6895  449  812  3414  8785  5025  7868  7413  8744  3870
20  7662  8207  3598  663  2840  2232  3683  4856  3721  4919  4312  2753  1578  992  1949  7452  5660  7280  6633  6179
20  8099  7704  667  229  8754  3513  9308  2931  223  8639  9453  6521  3885  3142  6880  8157  3219  2819  120  7996
20  9488  2202  4909  8204  3783  4356  1532  1233  9218  7001  99  1927  2886  4894  155  506  5515  8081  7470  2007
20  4753  6001  7253  9033  2258  150  8974  4822  527  4382  3180  2219  8866  2639  8361  8951  5819  8782  9971  6942
20  7914  5939  1275  4910  4730  3587  3532  2078  8611  189  920  2951  5340  8303  129  8531  9886  9900  5736  9882
20  7148  6671  6092  9268  704  4387  5900  9375  8821  9135  30  1567  1623  976  7434  1501  6797  9517  788  6546
20  3363  8590  4535  7528  1203  6393  4900  7761  5768  2354  4365  5594  755  508  4709  8888  8606  7164  8640  6647
20  4322  4066  7969  3177  6727  6205  7703  6263  7596  412  2869  4737  444  7373  433  7204  6077  2093  1672  4418
20  7427  7487  5553  5226  6622  2238  2989  1516  5661  2014  6706  2631  912  7963  9541  1232  3998  1509  8353  7555
20  4804  7030  7449  1178  8006  4550  3086  5793  4100  8371  8550  1383  2227  875  6081  8065  8955  2709  9444  6480
20  5777  1035  3201  5999  2920  4273  1427  9067  8844  6701  9609  2658  9709  8419  1987  5922  197  6327  6094  6843
20  746  7343  2169  2815  1131  117  6567  2513  3975  3449  3963  8529  9534  2997  8405  4569  3112  8979  9388  8964
20  4852  4236  69  5940  8924  8673  4055  21  2076  1870  278  5076  5212  1006  1438  7169  5560  6660  6371  2157
20  654  8568  1520  2535  5683  209  3865  4898  2148  2724  8882  7700  5672  4837  9938  3823  5677  7386  5489  7747
20  138  6154  8052  5585  9504  9936  4432  8894  1919  7118  4167  6991  8082  9985  8069  6840  5702  5549  1027  6279
20  1965  3775  3914  4200  3091  8920  7745  8258  5395  6601  6147  1391  2133  5977  6071  1658  3351  9134  7997  5988
20  9543  9826  1051  9754  6411  4395  5700  7473  8145  6735  6072  5485  744  6087  6031  2089  9074  7617  3279  3555
20  8057  6597  3476  3696  236  4478  2919  5904  2780  3981  270  635  2307  9083  7444  1646  4959  1765  371  5836
20  9988  839  9632  421  6710  8022  431  8668  8616  6143  264  6223  2173  3973  7565  2421  8747  7152  3468  9404
20  2265  8447  2305  2051  5022  4089  5843  8131  2705  4749  5842  7499  4162  1803  4920  8014  5996  5805  8290  9163
20  1386  4433  5632  3291  2375  7489  5293  5601  8899  5306  4332  9047  5385  3714  4675  5872  3141  2094  4353  1235
20  1109  3551  2971  82  2391  3651  6630  7336  564  4583  6100  3641  9528  3549  9265  2875  6086  2054  9152  5240
20  2378  7216  4896  3764  8865  7227  925  6357  2044  909  5114  2466  481  6736  136  520  8203  415  4512  6656
20  3123  8152  2244  462  6551  7840  5704  6989  529  6665  9712  2714  6110  3255  458  2669  9124  4973  5591  6173
20  2672  7720  3855  404  1412  7369  4110  7816  2923  9414  6624  5790  9174  4499  6070  8287  8174  192  5789  4364
20  5500  5241  4279  6283  5348  6389  8588  718  334  1483  2077  903  7410  1426  4234  9859  1790  2567  8771  9768
20  5062  6425  6363  1758  1547  8478  1519  1643  5137  7740  3463  418  478  9901  410  217  7618  9148  6320  3808
20  1641  5008  2469  4476  2710  9078  4641  8917  1319  4601  1070  5648  2270  4879  1513  5518  3510  9705  7174  277
20  8551  6785  3867  9772  6519  4692  7671  5597  7560  430  3888  8221  5357  4786  3924  3133  6431  6013  3008  3554
20  4077  6347  2940  3139  930  2331  8211  8617  4696  7712  700  4955  6487  9337  364  4000  5538  196  1678  2565
20  4398  6683  1772  9627  5351  6652  2176  4833  3174  5848  9355  6726  1941  8674  3658  7567  485  6533  4422  977
20  666  2803  2472  2752  1521  4642  8483  8391  8507  5367  6846  14  2690  9783  1355  2074  640  1227  9829  9354
20  3511  476  1100  5005  4514  2536  4500  2097  4906  4546  3692  1173  5773  8138  1200  1570  9557  5711  1327  9827
20  3815  612  6117  5148  6826  9107  4483  1986  2389  8446  7075  1469  285  2598  4528  4462  4369  2510  3218  7471
20  4760  766  3322  8074  5619  4950  2689  8628  5281  7860  9716  9507  4299  7083  7198  8126  9032  253  2814  5473
20  445  4392  4217  8751  2301  5177  7580  7305  2699  8509  3920  1057  8420  5139  6122  4324  2926  621  8784  2587
20  7828  9850  130  5258  3949  9583  5523  7257  322  9792  2006  2821  5150  1252  4022  6636  2328  4702  1638  8898
20  3236  1062  9019  9640  8375  4809  5071  1104  8659  1929  9344  8498  1213  591  4073  9176  8823  3717  2670  1099
20  9282  4989  3951  4144  8834  7960  3784  7037  5766  3730  7238  494  9465  3252  1251  267  8535  6169  4268  7908
20  9925  9957  6474  5520  2298  9975  8289  5906  7838  1091  7044  4700  4404  5853  6834  1782  6022  2275  1184  4875
20  4473  698  7724  627  2609  3420  8238  9842  9007  2235  7102  112  2128  5458  3115  3613  5946  6867  8187  511
20  5798  6062  8745  5117  6634  6361  4864  6609  1034  8020  4177  9630  7975  2208  4308  9486  1347  6704  7926  6055
20  9215  7222  4717  9520  9955  9648  5355  8499  1436  3321  1894  2226  2521  3245  6259  6801  8527  7738  1473  4014
20  6669  1893  6889  2343  6658  435  2947  9771  9466  4423  5540  9119  5131  1087  4102  6455  894  1393  7772  6088
20  2993  6687  16  3405  3225  5396  230  3330  9372  9464  1068  8200  6938  6394  8030  6101  6838  749  8298  4690
20  7995  4878  2384  3992  1198  3439  9153  2028  8455  3893  3495  9264  5495  8800  9275  9306  3729  8559  2985  212
20  6845  523  8885  4195  2622  2313  3254  6138  5352  3251  917  2889  7103  2974  7193  1989  3687  9679  7965  9192
20  1472  2795  7516  8820  703  7768  4736  360  1405  2811  7171  1616  9156  6199  1528  3676  8777  1316  5257  3021
20  9155  7918  5751  9515  1854  1302  9270  4140  5834  6829  6904  407  5554  5078  890  8449  2046  8068  7004  8351
20  3256  7494  4957  2914  8746  4734  3176  8760  8448  3812  3684  1272  1931  5431  921  3469  5764  7810  3366  3570
20  3145  5049  8890  9139  675  2738  2538  4201  9249  6174  1052  4538  2839  5605  5743  897  9069  9710  8062  1773
20  993  6497  5387  1390  8410  2794  290  3791  1920  6137  984  7159  5186  9429  7904  7389  2812  6503  2481  6135
20  9340  8205  8547  3323  8727  674  576  995  7941  6114  713  4129  3408  4853  2486  2363  7683  1798  1991  5044
20  558  3856  8733  5460  3033  5875  5976  7036  7443  5840  9588  8764  3088  9239  7269  8202  9924  7106  7934  5561
20  2452  6720  4006  2747  4795  3830  4527  7503  8691  8185  5214  3409  7848  9911  6126  7892  1951  638  6332  2582
20  671  5967  5349  8445  7375  1932  2061  3364  1371  3778  623  8276  840  6777  162  7339  8555  426  1150  6017
20  4661  1896  8949  5658  8320  499  9178  1226  1320  6298  7018  8975  842  5103  2773  1110  7644  7858  9161  6537
20  4616  8983  1835  1210  9356  4524  5763  991  8939  7532  2237  8999  6739  7041  2347  6254  455  9912  2099  6625
20  2636  6931  1675  5829  606  7675  3340  4665  3839  6684  9290  2708  5498  2665  9298  4342  6534  641  2075  5273
20  7822  9417  659  4126  8970  8463  9737  203  7370  2675  2251  633  4143  3372  1534  6723  4884  1937  6524  4871
20  395  1364  9224  6073  8756  2687  1083  7209  5852  4294  6743  6924  7578  6682  8806  712  9020  6921  8589  8753
20  8407  1060  6509  1220  3804  9350  3069  7243  4428  6721  9252  9011  9509  9846  5892  6420  8520  5569  7123  3071
20  9872  1424  3682  6113  4722  311  6515  1688  4667  7884  1866  2108  8171  761  9775  7905  4008  5466  2349  7886
20  2823  8366  2042  879  8050  1944  6276  8318  1935  6182  998  1511  5617  9195  1388  2619  9766  4291  6626  7187
20  5552  7946  7481  8237  216  9380  619  2735  8721  8094  6448  8242  8491  6788  7254  1481  4320  9476  6947  447
20  1753  1247  968  1241  590  9133  1883  9720  8536  5782  5270  2462  5123  1201  5762  9691  1580  3710  7839  9802
20  6638  7574  9039  2168  9803  107  2722  3379  907  6908  8362  4125  3276  6020  4041  2503  9065  5344  9786  9556
20  8595  9791  8130  2841  2642  9533  7024  7407  5828  6063  2372  9323  7476  4686  6144  9879  6339  6532  1211  4712
20  2652  3991  9606  2013  6007  5457  3388  4857  5689  2404  5443  2130  4812  6875  3874  114  3098  6308  9866  7775
20  3233  8432  2769  9484  1487  1258  597  9976  1695  6129  4148  6106  248  4991  5961  3165  3493  731  936  1185
20  3902  3503  6234  3744  8012  8001  8912  2725  2276  7288  669  379  1741  6685  5656  6517  9034  1939  9645  6121
20  601  8657  3350  3391  5857  2409  4158  1349  7429  6878  234  4240  4261  7582  4029  9496  7551  6783  4354  2406
20  8315  5532  9128  7519  3114  1735  6795  6856  3134  7242  3896  6170  5415  1582  1814  8010  5615  573  1136  2783
20  9742  534  5895  9816  3917  7880  1971  8215  3314  3317  3211  4970  905  2650  3497  4651  4927  1975  6960  202
20  9284  5041  3278  3050  4703  9939  8123  2629  6085  9160  6321  8599  2319  463  9638  7301  3369  5809  4556  8805
20  9211  5608  9804  3898  4486  9172  9442  6225  5290  603  3389  5643  7079  9693  7686  2443  1786  843  4586  4625
20  8090  7096  3932  6000  7691  9182  2071  3110  4612  7025  3525  999  1652  1748  7530  6316  7453  5633  2829  7947
20  7609  3533  9592  931  9121  7541  110  7536  4658  1467  5373  775  1338  6314  5607  4912  9667  8516  7921  5392
20  1466  5595  5461  3623  4313  5163  3648  7091  3834  3390  1664  3047  5038  847  7302  9205  9878  9001  7424  2155
20  8724  4701  6961  4152  3479  6212  5100  7522  9628  7321  5577  2593  3329  8496  6243  5243  4450  4995  3062  2661
20  5354  6214  5128  5308  9961  2674  3481  886  3356  4180  8780  7673  6476  9294  7920  5088  3111  6929  950  496
20  6891  4166  3746  2966  456  5639  7455  4431  5441  9845  8597  3499  2029  6140  6886  3521  4664  6654  6189  3375
20  9858  4338  6936  3557  6105  4048  9203  1419  8604  3010  8926  6078  8571  1884  728  2588  889  5907  8774  1778
20  7735  7984  3064  6313  1750  7278  7765  5413  9179  7792  9421  7836  801  9401  7085  298  9082  2170  5050  4747
20  3611  1468  8841  3009  8564  9461  7097  8147  2262  7509  5943  4750  1720  7710  3270  1129  9170  4479  8151  8114
20  9890  4057  2140  4834  6341  6747  1317  3280  2720  5073  7853  4656  3378  4886  7137  1331  3842  6181  1739  1990
20  9328  4797  4917  1855  5188  3489  2511  9035  3147  7809  169  183  8186  179  6194  6848  1470  3993  1928  6730
20  1764  9117  7230  5680  7061  8741  1307  3228  1085  1744  2225  9409  8921  5616  2002  7933  3727  9947  9968  537
20  5370  1348  3264  4716  7239  2433  8040  7950  9651  8384  6365  1886  7040  1043  9373  7902  978  9563  1313  711
20  7901  4794  1809  3455  7299  5376  5012  2030  2685  4603  6439  6492  1523  5920  767  543  9524  9542  2969  9343
20  7256  726  896  952  3019  1174  7661  7727  2495  777  7033  6977  2700  6469  5004  9652  9277  9863  3956  7063
20  8453  2335  3172  5574  9665  8646  1020  3925  8855  3807  8942  8087  4868  4405  5684  8252  4042  9698  4502  6596
20  4801  5503  2003  2085  1592  3558  4396  9970  7877  4343  6462  3418  3056  7070  2196  1966  3527  6447  5021  98
20  7760  5149  2963  9428  1542  484  8493  4460  4379  9501  8355  3639  2026  774  9574  5358  3459  6360  3202  3876
20  4049  3119  8049  3845  6616  1299  8477  4497  9906  4986  6540  2224  2684  2192  786  2655  3450  8981  8619  9558
20  2711  3765  850  338  8913  6419  6084  5350  116  9694  9666  5642  7428  5444  1703  5190  856  2571  7474  3006
20  8644  8523  961  5182  4069  3480  1242  5509  6763  7104  95  7898  1710  6604  1922  2199  1254  8164  8548  1868
20  8561  2793  7351  1448  8201  4315  9883  3743  6882  8963  5299  1828  8429  4987  9245  9631  8779  8660  7903  7907
20  1187  7787  9408  357  7412  2950  7401  8067  1698  6176  8578  4232  6939  807  5888  7895  4746  1115  4714  4978
20  7313  9166  170  5423  5435  8553  9126  83  8665  3199  7053  9276  2246  19  5143  8427  4631  1361  5481  7049
20  3968  4390  5310  7625  6427  9880  3212  5311  2520  8038  2185  3650  355  438  4536  5319  3208  2514  2431  2791
20  4469  4060  1417  1644  2838  2574  1676  532  4547  5664  9232  4623  7879  8817  9132  296  7289  9579  2532  5644
20  3877  8654  460  6995  4221  800  135  7131  5830  7612  3674  514  2118  967  1475  5011  7457  2749  9650  9481
20  8039  7793  7744  5713  8093  7356  5403  715  4147  1642  7184  7546  3371  6589  7303  4121  1237  7050  6737  1993
20  3562  5245  2736  2212  9989  3182  7330  1526  8591  2682  3437  1047  6417  4441  6642  3023  5294  4412  4832  3048
20  2414  7235  3462  8162  2608  7338  6097  8213  9216  3065  6837  2798  7023  6035  9062  1506  4584  5870  3868  7460
20  1938  5756  8438  2664  2673  2499  871  70  1933  7663  9430  8370  4202  9946  5933  1372  6324  6153  4962  3504
20  8698  5952  1926  9974  8958  4672  1792  8677  7990  6915  8223  9560  3754  549  6196  2529  4416  2703  3305  9255
20  724  1734  4480  2633  91  3520  9317  3546  5428  4090  4421  6376  3728  1400  5264  7445  5402  4517  3826  9510
20  1817  8386  9378  6922  7538  8911  7304  2867  4376  1847  5095  4838  2754  3666  2461  1912  6713  1881  2594  2494
20  8372  3878  2252  6869  2918  4251  1118  9500  5890  4713  4230  3927  5246  3466  346  7224  5812  2308  9100  2630
20  1660  314  540  2555  5167  5556  4363  8260  5497  7005  5356  6146  1265  3916  3230  6694  6688  3959  119  1864
20  3384  9868  9052  9263  2782  6738  6344  4178  1934  3502  1457  6204  7628  3690  3413  7465  2927  1943  9188  5320
20  9594  3361  8829  6677  3573  4452  6708  1435  6367  4218  6220  6384  4389  2580  3206  5792  2559  7107  2556  4821
20  2146  8543  9385  5448  9407  9310  6329  5175  3121  6272  2741  9734  3473  1084  9114  8326  2667  5231  4791  3642
20  8404  1437  1278  6681  7464  6744  8025  6820  3435  9844  1416  7514  9928  8869  3032  9374  4407  4682  4897  9799
20  6956  2332  9785  4784  7605  3604  8603  6171  403  1406  1535  9040  9706  5061  7293  5932  1957  6203  870  4789
20  9960  7395  8324  9752  6299  2853  2183  2547  1244  5993  361  3576  4860  3337  2240  4463  2962  2712  696  2678
20  3265  3693  9811  4655  1593  7561  400  2522  2408  3759  7615  3799  6759  5034  8467  4403  4905  806  8539  8314
20  6330  3128  5696  6504  6703  380  6824  161  8337  9118  2060  9387  6058  3732  3338  963  2990  2779  6269  5690
20  2163  5941  9559  4629  1414  4745  1248  1092  228  2944  3344  4693  7635  1850  4558  2117  7647  1705  7593  1596
20  8579  9820  7020  7769  6267  3243  1693  2590  8956  6508  2015  7155  6336  2490  9684  8905  4531  439  3633  5674
20  8085  6610  1499  2147  164  3299  734  4130  8231  1761  9681  9209  3880  1733  8863  3022  8058  4811  4540  9527
